<?xml version="1.0" encoding="UTF-8"?>
<coverage generated="1617557909071" clover="3.2.0">
  <project timestamp="1617557909071" name="All files">
    <metrics statements="339" coveredstatements="303" conditionals="135" coveredconditionals="83" methods="52" coveredmethods="47" elements="526" coveredelements="433" complexity="0" loc="339" ncloc="339" packages="4" files="17" classes="17"/>
    <package name="lib">
      <metrics statements="69" coveredstatements="40" conditionals="35" coveredconditionals="12" methods="20" coveredmethods="15"/>
      <file name="dataframe.ts" path="/Users/fmaerten/projects/youwol/workspace/packages/dataframe/src/lib/dataframe.ts">
        <metrics statements="34" coveredstatements="20" conditionals="12" coveredconditionals="5" methods="10" coveredmethods="7"/>
        <line num="1" count="3" type="stmt"/>
        <line num="6" count="3" type="stmt"/>
        <line num="32" count="43" type="cond" truecount="1" falsecount="1"/>
        <line num="34" count="0" type="stmt"/>
        <line num="35" count="0" type="stmt"/>
        <line num="37" count="0" type="cond" truecount="0" falsecount="2"/>
        <line num="38" count="0" type="stmt"/>
        <line num="39" count="0" type="cond" truecount="0" falsecount="2"/>
        <line num="40" count="0" type="stmt"/>
        <line num="43" count="0" type="stmt"/>
        <line num="55" count="58" type="stmt"/>
        <line num="56" count="58" type="cond" truecount="2" falsecount="0"/>
        <line num="57" count="7" type="stmt"/>
        <line num="61" count="0" type="stmt"/>
        <line num="65" count="0" type="stmt"/>
        <line num="66" count="0" type="stmt"/>
        <line num="67" count="0" type="stmt"/>
        <line num="77" count="29" type="cond" truecount="1" falsecount="1"/>
        <line num="79" count="29" type="stmt"/>
        <line num="80" count="29" type="cond" truecount="1" falsecount="1"/>
        <line num="81" count="29" type="stmt"/>
        <line num="82" count="29" type="stmt"/>
        <line num="85" count="0" type="stmt"/>
        <line num="86" count="0" type="stmt"/>
        <line num="90" count="30" type="stmt"/>
        <line num="93" count="0" type="stmt"/>
        <line num="97" count="144" type="stmt"/>
        <line num="101" count="29" type="stmt"/>
        <line num="102" count="29" type="stmt"/>
        <line num="103" count="29" type="stmt"/>
        <line num="104" count="29" type="stmt"/>
        <line num="109" count="43" type="stmt"/>
        <line num="110" count="43" type="stmt"/>
        <line num="111" count="43" type="stmt"/>
      </file>
      <file name="index.ts" path="/Users/fmaerten/projects/youwol/workspace/packages/dataframe/src/lib/index.ts">
        <metrics statements="5" coveredstatements="0" conditionals="0" coveredconditionals="0" methods="0" coveredmethods="0"/>
        <line num="1" count="0" type="stmt"/>
        <line num="2" count="0" type="stmt"/>
        <line num="3" count="0" type="stmt"/>
        <line num="4" count="0" type="stmt"/>
        <line num="5" count="0" type="stmt"/>
      </file>
      <file name="serie.ts" path="/Users/fmaerten/projects/youwol/workspace/packages/dataframe/src/lib/serie.ts">
        <metrics statements="30" coveredstatements="20" conditionals="23" coveredconditionals="7" methods="10" coveredmethods="8"/>
        <line num="15" count="3" type="stmt"/>
        <line num="16" count="48" type="stmt"/>
        <line num="17" count="48" type="cond" truecount="1" falsecount="1"/>
        <line num="20" count="47" type="stmt"/>
        <line num="23" count="25" type="stmt"/>
        <line num="26" count="2" type="stmt"/>
        <line num="29" count="1" type="stmt"/>
        <line num="32" count="20" type="stmt"/>
        <line num="35" count="34" type="stmt"/>
        <line num="36" count="34" type="cond" truecount="2" falsecount="0"/>
        <line num="37" count="14" type="stmt"/>
        <line num="38" count="14" type="stmt"/>
        <line num="39" count="78" type="stmt"/>
        <line num="40" count="14" type="stmt"/>
        <line num="43" count="0" type="stmt"/>
        <line num="53" count="3" type="cond" truecount="1" falsecount="0"/>
        <line num="54" count="48" type="cond" truecount="1" falsecount="1"/>
        <line num="55" count="48" type="cond" truecount="1" falsecount="1"/>
        <line num="57" count="48" type="cond" truecount="1" falsecount="1"/>
        <line num="58" count="48" type="stmt"/>
        <line num="62" count="0" type="stmt"/>
        <line num="78" count="3" type="stmt"/>
        <line num="82" count="0" type="cond" truecount="0" falsecount="2"/>
        <line num="83" count="0" type="cond" truecount="0" falsecount="2"/>
        <line num="85" count="0" type="cond" truecount="0" falsecount="4"/>
        <line num="86" count="0" type="stmt"/>
        <line num="90" count="0" type="stmt"/>
        <line num="91" count="0" type="cond" truecount="0" falsecount="2"/>
        <line num="92" count="0" type="stmt"/>
        <line num="94" count="0" type="stmt"/>
      </file>
    </package>
    <package name="lib.algorithms">
      <metrics statements="10" coveredstatements="10" conditionals="2" coveredconditionals="1" methods="1" coveredmethods="1"/>
      <file name="index.ts" path="/Users/fmaerten/projects/youwol/workspace/packages/dataframe/src/lib/algorithms/index.ts">
        <metrics statements="1" coveredstatements="1" conditionals="0" coveredconditionals="0" methods="0" coveredmethods="0"/>
        <line num="1" count="1" type="stmt"/>
      </file>
      <file name="map.ts" path="/Users/fmaerten/projects/youwol/workspace/packages/dataframe/src/lib/algorithms/map.ts">
        <metrics statements="9" coveredstatements="9" conditionals="2" coveredconditionals="1" methods="1" coveredmethods="1"/>
        <line num="1" count="1" type="stmt"/>
        <line num="6" count="1" type="stmt"/>
        <line num="7" count="1" type="cond" truecount="1" falsecount="1"/>
        <line num="9" count="1" type="stmt"/>
        <line num="10" count="1" type="stmt"/>
        <line num="12" count="1" type="stmt"/>
        <line num="13" count="1" type="stmt"/>
        <line num="14" count="20" type="stmt"/>
        <line num="17" count="1" type="stmt"/>
      </file>
    </package>
    <package name="lib.math">
      <metrics statements="250" coveredstatements="243" conditionals="96" coveredconditionals="68" methods="28" coveredmethods="28"/>
      <file name="add.ts" path="/Users/fmaerten/projects/youwol/workspace/packages/dataframe/src/lib/math/add.ts">
        <metrics statements="19" coveredstatements="18" conditionals="12" coveredconditionals="7" methods="5" coveredmethods="5"/>
        <line num="1" count="1" type="stmt"/>
        <line num="24" count="1" type="stmt"/>
        <line num="25" count="5" type="cond" truecount="1" falsecount="1"/>
        <line num="26" count="5" type="cond" truecount="1" falsecount="1"/>
        <line num="28" count="5" type="stmt"/>
        <line num="29" count="5" type="stmt"/>
        <line num="31" count="5" type="cond" truecount="2" falsecount="0"/>
        <line num="32" count="1" type="stmt"/>
        <line num="33" count="20" type="stmt"/>
        <line num="36" count="4" type="stmt"/>
        <line num="37" count="80" type="stmt"/>
        <line num="42" count="5" type="cond" truecount="1" falsecount="1"/>
        <line num="43" count="5" type="stmt"/>
        <line num="44" count="1" type="cond" truecount="1" falsecount="1"/>
        <line num="45" count="1" type="cond" truecount="1" falsecount="1"/>
        <line num="46" count="0" type="stmt"/>
        <line num="48" count="1" type="stmt"/>
        <line num="49" count="20" type="stmt"/>
        <line num="55" count="5" type="stmt"/>
      </file>
      <file name="div.ts" path="/Users/fmaerten/projects/youwol/workspace/packages/dataframe/src/lib/math/div.ts">
        <metrics statements="19" coveredstatements="18" conditionals="12" coveredconditionals="7" methods="5" coveredmethods="5"/>
        <line num="1" count="1" type="stmt"/>
        <line num="11" count="1" type="stmt"/>
        <line num="12" count="3" type="cond" truecount="1" falsecount="1"/>
        <line num="13" count="3" type="cond" truecount="1" falsecount="1"/>
        <line num="15" count="3" type="stmt"/>
        <line num="16" count="3" type="stmt"/>
        <line num="18" count="3" type="cond" truecount="2" falsecount="0"/>
        <line num="19" count="1" type="stmt"/>
        <line num="20" count="20" type="stmt"/>
        <line num="23" count="2" type="stmt"/>
        <line num="24" count="40" type="stmt"/>
        <line num="29" count="3" type="cond" truecount="1" falsecount="1"/>
        <line num="30" count="3" type="stmt"/>
        <line num="31" count="1" type="cond" truecount="1" falsecount="1"/>
        <line num="32" count="1" type="cond" truecount="1" falsecount="1"/>
        <line num="33" count="0" type="stmt"/>
        <line num="35" count="1" type="stmt"/>
        <line num="36" count="20" type="stmt"/>
        <line num="42" count="3" type="stmt"/>
      </file>
      <file name="eigen.ts" path="/Users/fmaerten/projects/youwol/workspace/packages/dataframe/src/lib/math/eigen.ts">
        <metrics statements="134" coveredstatements="133" conditionals="32" coveredconditionals="28" methods="2" coveredmethods="2"/>
        <line num="8" count="1" type="stmt"/>
        <line num="9" count="2" type="cond" truecount="1" falsecount="1"/>
        <line num="10" count="2" type="cond" truecount="3" falsecount="1"/>
        <line num="12" count="2" type="stmt"/>
        <line num="13" count="2" type="stmt"/>
        <line num="15" count="2" type="stmt"/>
        <line num="16" count="2" type="stmt"/>
        <line num="17" count="4" type="stmt"/>
        <line num="18" count="4" type="stmt"/>
        <line num="19" count="4" type="stmt"/>
        <line num="20" count="4" type="stmt"/>
        <line num="21" count="4" type="stmt"/>
        <line num="24" count="2" type="stmt"/>
        <line num="36" count="1" type="stmt"/>
        <line num="37" count="4" type="stmt"/>
        <line num="38" count="4" type="stmt"/>
        <line num="39" count="4" type="stmt"/>
        <line num="40" count="4" type="stmt"/>
        <line num="42" count="4" type="stmt"/>
        <line num="43" count="4" type="stmt"/>
        <line num="44" count="4" type="stmt"/>
        <line num="45" count="4" type="stmt"/>
        <line num="46" count="4" type="stmt"/>
        <line num="47" count="4" type="stmt"/>
        <line num="49" count="4" type="stmt"/>
        <line num="57" count="4" type="cond" truecount="2" falsecount="0"/>
        <line num="58" count="2" type="stmt"/>
        <line num="59" count="2" type="stmt"/>
        <line num="60" count="2" type="stmt"/>
        <line num="61" count="2" type="stmt"/>
        <line num="62" count="2" type="stmt"/>
        <line num="63" count="2" type="stmt"/>
        <line num="64" count="2" type="cond" truecount="1" falsecount="1"/>
        <line num="65" count="2" type="stmt"/>
        <line num="66" count="2" type="stmt"/>
        <line num="67" count="2" type="stmt"/>
        <line num="68" count="2" type="stmt"/>
        <line num="69" count="2" type="stmt"/>
        <line num="70" count="2" type="stmt"/>
        <line num="72" count="0" type="stmt"/>
        <line num="76" count="4" type="stmt"/>
        <line num="77" count="4" type="stmt"/>
        <line num="78" count="4" type="stmt"/>
        <line num="79" count="12" type="stmt"/>
        <line num="80" count="36" type="cond" truecount="2" falsecount="0"/>
        <line num="81" count="12" type="stmt"/>
        <line num="83" count="24" type="stmt"/>
        <line num="88" count="4" type="stmt"/>
        <line num="89" count="4" type="stmt"/>
        <line num="90" count="4" type="stmt"/>
        <line num="91" count="12" type="stmt"/>
        <line num="92" count="24" type="cond" truecount="2" falsecount="0"/>
        <line num="93" count="12" type="stmt"/>
        <line num="94" count="12" type="stmt"/>
        <line num="96" count="24" type="stmt"/>
        <line num="100" count="4" type="cond" truecount="1" falsecount="1"/>
        <line num="101" count="4" type="stmt"/>
        <line num="102" count="4" type="stmt"/>
        <line num="104" count="4" type="cond" truecount="2" falsecount="0"/>
        <line num="105" count="4" type="stmt"/>
        <line num="106" count="4" type="stmt"/>
        <line num="107" count="4" type="stmt"/>
        <line num="108" count="8" type="stmt"/>
        <line num="109" count="12" type="stmt"/>
        <line num="110" count="12" type="stmt"/>
        <line num="111" count="12" type="stmt"/>
        <line num="112" count="12" type="stmt"/>
        <line num="113" count="12" type="stmt"/>
        <line num="115" count="12" type="cond" truecount="2" falsecount="0"/>
        <line num="116" count="4" type="stmt"/>
        <line num="119" count="8" type="stmt"/>
        <line num="120" count="8" type="stmt"/>
        <line num="121" count="8" type="stmt"/>
        <line num="122" count="8" type="stmt"/>
        <line num="123" count="8" type="stmt"/>
        <line num="125" count="8" type="cond" truecount="2" falsecount="0"/>
        <line num="126" count="4" type="stmt"/>
        <line num="127" count="4" type="stmt"/>
        <line num="128" count="4" type="stmt"/>
        <line num="130" count="4" type="stmt"/>
        <line num="131" count="4" type="stmt"/>
        <line num="132" count="4" type="stmt"/>
        <line num="135" count="8" type="stmt"/>
        <line num="136" count="8" type="stmt"/>
        <line num="137" count="8" type="stmt"/>
        <line num="138" count="8" type="stmt"/>
        <line num="139" count="8" type="stmt"/>
        <line num="141" count="8" type="stmt"/>
        <line num="142" count="24" type="cond" truecount="4" falsecount="0"/>
        <line num="143" count="8" type="stmt"/>
        <line num="144" count="8" type="cond" truecount="2" falsecount="0"/>
        <line num="145" count="4" type="stmt"/>
        <line num="147" count="4" type="stmt"/>
        <line num="149" count="8" type="stmt"/>
        <line num="150" count="8" type="cond" truecount="2" falsecount="0"/>
        <line num="151" count="4" type="stmt"/>
        <line num="153" count="4" type="stmt"/>
        <line num="155" count="8" type="stmt"/>
        <line num="156" count="8" type="stmt"/>
        <line num="157" count="8" type="stmt"/>
        <line num="159" count="24" type="stmt"/>
        <line num="160" count="24" type="stmt"/>
        <line num="161" count="24" type="stmt"/>
        <line num="162" count="24" type="stmt"/>
        <line num="163" count="24" type="stmt"/>
        <line num="164" count="24" type="stmt"/>
        <line num="167" count="8" type="stmt"/>
        <line num="168" count="8" type="stmt"/>
        <line num="169" count="8" type="stmt"/>
        <line num="170" count="8" type="stmt"/>
        <line num="171" count="8" type="stmt"/>
        <line num="172" count="8" type="stmt"/>
        <line num="178" count="4" type="stmt"/>
        <line num="179" count="12" type="stmt"/>
        <line num="180" count="12" type="stmt"/>
        <line num="181" count="12" type="stmt"/>
        <line num="184" count="4" type="stmt"/>
        <line num="185" count="8" type="stmt"/>
        <line num="186" count="8" type="stmt"/>
        <line num="187" count="8" type="stmt"/>
        <line num="188" count="12" type="cond" truecount="2" falsecount="0"/>
        <line num="189" count="4" type="stmt"/>
        <line num="190" count="4" type="stmt"/>
        <line num="193" count="8" type="stmt"/>
        <line num="194" count="8" type="stmt"/>
        <line num="195" count="8" type="stmt"/>
        <line num="196" count="8" type="stmt"/>
        <line num="197" count="8" type="stmt"/>
        <line num="200" count="4" type="stmt"/>
        <line num="201" count="4" type="stmt"/>
        <line num="202" count="12" type="stmt"/>
        <line num="203" count="12" type="stmt"/>
        <line num="204" count="36" type="stmt"/>
        <line num="208" count="4" type="stmt"/>
      </file>
      <file name="index.ts" path="/Users/fmaerten/projects/youwol/workspace/packages/dataframe/src/lib/math/index.ts">
        <metrics statements="8" coveredstatements="8" conditionals="0" coveredconditionals="0" methods="0" coveredmethods="0"/>
        <line num="1" count="1" type="stmt"/>
        <line num="2" count="1" type="stmt"/>
        <line num="3" count="1" type="stmt"/>
        <line num="4" count="1" type="stmt"/>
        <line num="5" count="1" type="stmt"/>
        <line num="6" count="1" type="stmt"/>
        <line num="7" count="1" type="stmt"/>
        <line num="8" count="1" type="stmt"/>
      </file>
      <file name="mean.ts" path="/Users/fmaerten/projects/youwol/workspace/packages/dataframe/src/lib/math/mean.ts">
        <metrics statements="10" coveredstatements="9" conditionals="4" coveredconditionals="2" methods="2" coveredmethods="2"/>
        <line num="1" count="1" type="stmt"/>
        <line num="6" count="1" type="stmt"/>
        <line num="7" count="1" type="cond" truecount="1" falsecount="1"/>
        <line num="9" count="1" type="stmt"/>
        <line num="11" count="1" type="cond" truecount="1" falsecount="1"/>
        <line num="12" count="0" type="stmt"/>
        <line num="15" count="1" type="stmt"/>
        <line num="16" count="3" type="stmt"/>
        <line num="17" count="9" type="stmt"/>
        <line num="20" count="1" type="stmt"/>
      </file>
      <file name="mult.ts" path="/Users/fmaerten/projects/youwol/workspace/packages/dataframe/src/lib/math/mult.ts">
        <metrics statements="19" coveredstatements="18" conditionals="12" coveredconditionals="7" methods="5" coveredmethods="5"/>
        <line num="1" count="1" type="stmt"/>
        <line num="19" count="1" type="stmt"/>
        <line num="20" count="10" type="cond" truecount="1" falsecount="1"/>
        <line num="21" count="10" type="cond" truecount="1" falsecount="1"/>
        <line num="23" count="10" type="stmt"/>
        <line num="24" count="10" type="stmt"/>
        <line num="26" count="10" type="cond" truecount="2" falsecount="0"/>
        <line num="27" count="8" type="stmt"/>
        <line num="28" count="160" type="stmt"/>
        <line num="31" count="2" type="stmt"/>
        <line num="32" count="40" type="stmt"/>
        <line num="37" count="10" type="cond" truecount="1" falsecount="1"/>
        <line num="38" count="10" type="stmt"/>
        <line num="39" count="1" type="cond" truecount="1" falsecount="1"/>
        <line num="40" count="1" type="cond" truecount="1" falsecount="1"/>
        <line num="41" count="0" type="stmt"/>
        <line num="43" count="1" type="stmt"/>
        <line num="44" count="20" type="stmt"/>
        <line num="50" count="10" type="stmt"/>
      </file>
      <file name="norm.ts" path="/Users/fmaerten/projects/youwol/workspace/packages/dataframe/src/lib/math/norm.ts">
        <metrics statements="10" coveredstatements="9" conditionals="4" coveredconditionals="2" methods="2" coveredmethods="2"/>
        <line num="1" count="1" type="stmt"/>
        <line num="6" count="1" type="stmt"/>
        <line num="7" count="1" type="cond" truecount="1" falsecount="1"/>
        <line num="9" count="1" type="stmt"/>
        <line num="11" count="1" type="cond" truecount="1" falsecount="1"/>
        <line num="12" count="0" type="stmt"/>
        <line num="15" count="1" type="stmt"/>
        <line num="16" count="3" type="stmt"/>
        <line num="17" count="9" type="stmt"/>
        <line num="20" count="1" type="stmt"/>
      </file>
      <file name="sub.ts" path="/Users/fmaerten/projects/youwol/workspace/packages/dataframe/src/lib/math/sub.ts">
        <metrics statements="19" coveredstatements="18" conditionals="12" coveredconditionals="7" methods="5" coveredmethods="5"/>
        <line num="1" count="1" type="stmt"/>
        <line num="15" count="1" type="stmt"/>
        <line num="16" count="3" type="cond" truecount="1" falsecount="1"/>
        <line num="17" count="3" type="cond" truecount="1" falsecount="1"/>
        <line num="19" count="3" type="stmt"/>
        <line num="20" count="3" type="stmt"/>
        <line num="22" count="3" type="cond" truecount="2" falsecount="0"/>
        <line num="23" count="1" type="stmt"/>
        <line num="24" count="20" type="stmt"/>
        <line num="27" count="2" type="stmt"/>
        <line num="28" count="40" type="stmt"/>
        <line num="33" count="3" type="cond" truecount="1" falsecount="1"/>
        <line num="34" count="3" type="stmt"/>
        <line num="35" count="1" type="cond" truecount="1" falsecount="1"/>
        <line num="36" count="1" type="cond" truecount="1" falsecount="1"/>
        <line num="37" count="0" type="stmt"/>
        <line num="39" count="1" type="stmt"/>
        <line num="40" count="20" type="stmt"/>
        <line num="46" count="3" type="stmt"/>
      </file>
      <file name="trace.ts" path="/Users/fmaerten/projects/youwol/workspace/packages/dataframe/src/lib/math/trace.ts">
        <metrics statements="12" coveredstatements="12" conditionals="8" coveredconditionals="8" methods="2" coveredmethods="2"/>
        <line num="12" count="1" type="stmt"/>
        <line num="13" count="4" type="cond" truecount="2" falsecount="0"/>
        <line num="14" count="1" type="stmt"/>
        <line num="16" count="3" type="cond" truecount="4" falsecount="0"/>
        <line num="17" count="6" type="stmt"/>
        <line num="20" count="2" type="stmt"/>
        <line num="21" count="2" type="stmt"/>
        <line num="22" count="4" type="stmt"/>
        <line num="23" count="4" type="cond" truecount="2" falsecount="0"/>
        <line num="24" count="2" type="stmt"/>
        <line num="27" count="2" type="stmt"/>
        <line num="30" count="2" type="stmt"/>
      </file>
    </package>
    <package name="lib.utils">
      <metrics statements="10" coveredstatements="10" conditionals="2" coveredconditionals="2" methods="3" coveredmethods="3"/>
      <file name="exists.ts" path="/Users/fmaerten/projects/youwol/workspace/packages/dataframe/src/lib/utils/exists.ts">
        <metrics statements="1" coveredstatements="1" conditionals="0" coveredconditionals="0" methods="1" coveredmethods="1"/>
        <line num="7" count="13" type="stmt"/>
      </file>
      <file name="index.ts" path="/Users/fmaerten/projects/youwol/workspace/packages/dataframe/src/lib/utils/index.ts">
        <metrics statements="2" coveredstatements="2" conditionals="0" coveredconditionals="0" methods="0" coveredmethods="0"/>
        <line num="1" count="2" type="stmt"/>
        <line num="2" count="2" type="stmt"/>
      </file>
      <file name="info.ts" path="/Users/fmaerten/projects/youwol/workspace/packages/dataframe/src/lib/utils/info.ts">
        <metrics statements="7" coveredstatements="7" conditionals="2" coveredconditionals="2" methods="2" coveredmethods="2"/>
        <line num="2" count="2" type="stmt"/>
        <line num="7" count="2" type="stmt"/>
        <line num="8" count="2" type="cond" truecount="2" falsecount="0"/>
        <line num="9" count="1" type="stmt"/>
        <line num="10" count="1" type="stmt"/>
        <line num="21" count="1" type="stmt"/>
        <line num="24" count="3" type="stmt"/>
      </file>
    </package>
  </project>
</coverage>
