{"/Users/fmaerten/projects/youwol/workspace/packages/dataframe/src/lib/dataframe.ts": {"path":"/Users/fmaerten/projects/youwol/workspace/packages/dataframe/src/lib/dataframe.ts","statementMap":{"0":{"start":{"line":1,"column":0},"end":{"line":1,"column":39}},"1":{"start":{"line":109,"column":12},"end":{"line":109,"column":null}},"2":{"start":{"line":110,"column":12},"end":{"line":110,"column":null}},"3":{"start":{"line":111,"column":12},"end":{"line":111,"column":null}},"4":{"start":{"line":32,"column":8},"end":{"line":32,"column":40}},"5":{"start":{"line":32,"column":34},"end":{"line":32,"column":40}},"6":{"start":{"line":34,"column":8},"end":{"line":34,"column":null}},"7":{"start":{"line":35,"column":8},"end":{"line":35,"column":null}},"8":{"start":{"line":37,"column":8},"end":{"line":46,"column":null}},"9":{"start":{"line":38,"column":12},"end":{"line":45,"column":null}},"10":{"start":{"line":39,"column":16},"end":{"line":44,"column":null}},"11":{"start":{"line":40,"column":20},"end":{"line":40,"column":null}},"12":{"start":{"line":43,"column":20},"end":{"line":43,"column":null}},"13":{"start":{"line":55,"column":19},"end":{"line":55,"column":40}},"14":{"start":{"line":56,"column":8},"end":{"line":56,"column":null}},"15":{"start":{"line":56,"column":16},"end":{"line":56,"column":null}},"16":{"start":{"line":57,"column":8},"end":{"line":57,"column":null}},"17":{"start":{"line":61,"column":8},"end":{"line":61,"column":null}},"18":{"start":{"line":65,"column":18},"end":{"line":65,"column":30}},"19":{"start":{"line":66,"column":8},"end":{"line":66,"column":null}},"20":{"start":{"line":67,"column":8},"end":{"line":67,"column":null}},"21":{"start":{"line":77,"column":8},"end":{"line":77,"column":null}},"22":{"start":{"line":77,"column":33},"end":{"line":77,"column":null}},"23":{"start":{"line":79,"column":18},"end":{"line":79,"column":30}},"24":{"start":{"line":80,"column":8},"end":{"line":83,"column":null}},"25":{"start":{"line":81,"column":12},"end":{"line":81,"column":null}},"26":{"start":{"line":82,"column":12},"end":{"line":82,"column":null}},"27":{"start":{"line":85,"column":8},"end":{"line":85,"column":34}},"28":{"start":{"line":86,"column":8},"end":{"line":86,"column":null}},"29":{"start":{"line":90,"column":8},"end":{"line":90,"column":null}},"30":{"start":{"line":93,"column":8},"end":{"line":93,"column":null}},"31":{"start":{"line":97,"column":8},"end":{"line":97,"column":null}},"32":{"start":{"line":101,"column":18},"end":{"line":101,"column":31}},"33":{"start":{"line":102,"column":8},"end":{"line":102,"column":null}},"34":{"start":{"line":103,"column":8},"end":{"line":103,"column":null}},"35":{"start":{"line":103,"column":39},"end":{"line":103,"column":56}},"36":{"start":{"line":104,"column":8},"end":{"line":104,"column":null}},"37":{"start":{"line":6,"column":0},"end":{"line":6,"column":13}}},"fnMap":{"0":{"name":"(anonymous_0)","decl":{"start":{"line":31,"column":4},"end":{"line":31,"column":16}},"loc":{"start":{"line":31,"column":28},"end":{"line":47,"column":5}}},"1":{"name":"(anonymous_1)","decl":{"start":{"line":54,"column":4},"end":{"line":54,"column":7}},"loc":{"start":{"line":54,"column":20},"end":{"line":58,"column":5}}},"2":{"name":"(anonymous_2)","decl":{"start":{"line":60,"column":4},"end":{"line":60,"column":12}},"loc":{"start":{"line":60,"column":25},"end":{"line":62,"column":5}}},"3":{"name":"(anonymous_3)","decl":{"start":{"line":64,"column":4},"end":{"line":64,"column":10}},"loc":{"start":{"line":64,"column":23},"end":{"line":68,"column":5}}},"4":{"name":"(anonymous_4)","decl":{"start":{"line":76,"column":4},"end":{"line":76,"column":7}},"loc":{"start":{"line":76,"column":62},"end":{"line":87,"column":5}}},"5":{"name":"(anonymous_5)","decl":{"start":{"line":89,"column":4},"end":{"line":89,"column":8}},"loc":{"start":{"line":89,"column":16},"end":{"line":91,"column":5}}},"6":{"name":"(anonymous_6)","decl":{"start":{"line":92,"column":4},"end":{"line":92,"column":8}},"loc":{"start":{"line":92,"column":13},"end":{"line":94,"column":5}}},"7":{"name":"(anonymous_7)","decl":{"start":{"line":96,"column":4},"end":{"line":96,"column":8}},"loc":{"start":{"line":96,"column":14},"end":{"line":98,"column":5}}},"8":{"name":"(anonymous_8)","decl":{"start":{"line":100,"column":4},"end":{"line":100,"column":9}},"loc":{"start":{"line":100,"column":9},"end":{"line":105,"column":5}}},"9":{"name":"(anonymous_9)","decl":{"start":{"line":103,"column":29},"end":{"line":103,"column":30}},"loc":{"start":{"line":103,"column":39},"end":{"line":103,"column":56}}}},"branchMap":{"0":{"loc":{"start":{"line":32,"column":8},"end":{"line":32,"column":40}},"type":"if","locations":[{"start":{"line":32,"column":8},"end":{"line":32,"column":40}},{"start":{"line":32,"column":8},"end":{"line":32,"column":40}}]},"1":{"loc":{"start":{"line":37,"column":8},"end":{"line":46,"column":null}},"type":"if","locations":[{"start":{"line":37,"column":8},"end":{"line":46,"column":null}},{"start":{"line":37,"column":8},"end":{"line":46,"column":null}}]},"2":{"loc":{"start":{"line":39,"column":16},"end":{"line":44,"column":null}},"type":"if","locations":[{"start":{"line":39,"column":16},"end":{"line":44,"column":null}},{"start":{"line":39,"column":16},"end":{"line":44,"column":null}}]},"3":{"loc":{"start":{"line":56,"column":8},"end":{"line":56,"column":null}},"type":"if","locations":[{"start":{"line":56,"column":8},"end":{"line":56,"column":null}},{"start":{"line":56,"column":8},"end":{"line":56,"column":null}}]},"4":{"loc":{"start":{"line":77,"column":8},"end":{"line":77,"column":null}},"type":"if","locations":[{"start":{"line":77,"column":8},"end":{"line":77,"column":null}},{"start":{"line":77,"column":8},"end":{"line":77,"column":null}}]},"5":{"loc":{"start":{"line":80,"column":8},"end":{"line":83,"column":null}},"type":"if","locations":[{"start":{"line":80,"column":8},"end":{"line":83,"column":null}},{"start":{"line":80,"column":8},"end":{"line":83,"column":null}}]}},"s":{"0":3,"1":43,"2":43,"3":43,"4":43,"5":43,"6":0,"7":0,"8":0,"9":0,"10":0,"11":0,"12":0,"13":58,"14":58,"15":51,"16":7,"17":0,"18":0,"19":0,"20":0,"21":29,"22":0,"23":29,"24":29,"25":29,"26":29,"27":0,"28":0,"29":30,"30":0,"31":144,"32":29,"33":29,"34":29,"35":27,"36":29,"37":3},"f":{"0":43,"1":58,"2":0,"3":0,"4":29,"5":30,"6":0,"7":144,"8":29,"9":27},"b":{"0":[43,0],"1":[0,0],"2":[0,0],"3":[51,7],"4":[0,29],"5":[29,0]}}
,"/Users/fmaerten/projects/youwol/workspace/packages/dataframe/src/lib/index.ts": {"path":"/Users/fmaerten/projects/youwol/workspace/packages/dataframe/src/lib/index.ts","statementMap":{"0":{"start":{"line":1,"column":0},"end":{"line":1,"column":27}},"1":{"start":{"line":2,"column":0},"end":{"line":2,"column":23}},"2":{"start":{"line":3,"column":0},"end":{"line":3,"column":22}},"3":{"start":{"line":4,"column":0},"end":{"line":4,"column":28}},"4":{"start":{"line":5,"column":0},"end":{"line":5,"column":23}}},"fnMap":{},"branchMap":{},"s":{"0":0,"1":0,"2":0,"3":0,"4":0},"f":{},"b":{}}
,"/Users/fmaerten/projects/youwol/workspace/packages/dataframe/src/lib/serie.ts": {"path":"/Users/fmaerten/projects/youwol/workspace/packages/dataframe/src/lib/serie.ts","statementMap":{"0":{"start":{"line":16,"column":32},"end":{"line":16,"column":40}},"1":{"start":{"line":16,"column":58},"end":{"line":16,"column":74}},"2":{"start":{"line":16,"column":92},"end":{"line":16,"column":107}},"3":{"start":{"line":17,"column":8},"end":{"line":17,"column":null}},"4":{"start":{"line":17,"column":41},"end":{"line":17,"column":null}},"5":{"start":{"line":20,"column":8},"end":{"line":20,"column":null}},"6":{"start":{"line":23,"column":8},"end":{"line":23,"column":null}},"7":{"start":{"line":26,"column":8},"end":{"line":26,"column":null}},"8":{"start":{"line":29,"column":8},"end":{"line":29,"column":null}},"9":{"start":{"line":32,"column":8},"end":{"line":32,"column":null}},"10":{"start":{"line":35,"column":21},"end":{"line":35,"column":34}},"11":{"start":{"line":36,"column":8},"end":{"line":36,"column":null}},"12":{"start":{"line":36,"column":22},"end":{"line":36,"column":null}},"13":{"start":{"line":37,"column":22},"end":{"line":37,"column":28}},"14":{"start":{"line":38,"column":18},"end":{"line":38,"column":41}},"15":{"start":{"line":39,"column":8},"end":{"line":39,"column":null}},"16":{"start":{"line":39,"column":19},"end":{"line":39,"column":20}},"17":{"start":{"line":39,"column":35},"end":{"line":39,"column":null}},"18":{"start":{"line":40,"column":8},"end":{"line":40,"column":null}},"19":{"start":{"line":43,"column":8},"end":{"line":43,"column":null}},"20":{"start":{"line":15,"column":0},"end":{"line":15,"column":13}},"21":{"start":{"line":54,"column":4},"end":{"line":54,"column":null}},"22":{"start":{"line":54,"column":26},"end":{"line":54,"column":null}},"23":{"start":{"line":55,"column":4},"end":{"line":55,"column":null}},"24":{"start":{"line":55,"column":26},"end":{"line":55,"column":null}},"25":{"start":{"line":57,"column":4},"end":{"line":59,"column":null}},"26":{"start":{"line":58,"column":8},"end":{"line":58,"column":null}},"27":{"start":{"line":62,"column":4},"end":{"line":62,"column":null}},"28":{"start":{"line":53,"column":0},"end":{"line":53,"column":16}},"29":{"start":{"line":82,"column":4},"end":{"line":82,"column":null}},"30":{"start":{"line":82,"column":22},"end":{"line":82,"column":null}},"31":{"start":{"line":83,"column":4},"end":{"line":83,"column":null}},"32":{"start":{"line":83,"column":22},"end":{"line":83,"column":null}},"33":{"start":{"line":85,"column":4},"end":{"line":87,"column":null}},"34":{"start":{"line":86,"column":8},"end":{"line":86,"column":null}},"35":{"start":{"line":90,"column":18},"end":{"line":90,"column":59}},"36":{"start":{"line":91,"column":4},"end":{"line":93,"column":null}},"37":{"start":{"line":92,"column":8},"end":{"line":92,"column":null}},"38":{"start":{"line":94,"column":4},"end":{"line":94,"column":null}},"39":{"start":{"line":78,"column":0},"end":{"line":78,"column":16}}},"fnMap":{"0":{"name":"(anonymous_0)","decl":{"start":{"line":16,"column":4},"end":{"line":16,"column":32}},"loc":{"start":{"line":16,"column":107},"end":{"line":18,"column":5}}},"1":{"name":"(anonymous_1)","decl":{"start":{"line":19,"column":4},"end":{"line":19,"column":8}},"loc":{"start":{"line":19,"column":14},"end":{"line":21,"column":5}}},"2":{"name":"(anonymous_2)","decl":{"start":{"line":22,"column":4},"end":{"line":22,"column":8}},"loc":{"start":{"line":22,"column":13},"end":{"line":24,"column":5}}},"3":{"name":"(anonymous_3)","decl":{"start":{"line":25,"column":4},"end":{"line":25,"column":8}},"loc":{"start":{"line":25,"column":15},"end":{"line":27,"column":5}}},"4":{"name":"(anonymous_4)","decl":{"start":{"line":28,"column":4},"end":{"line":28,"column":8}},"loc":{"start":{"line":28,"column":21},"end":{"line":30,"column":5}}},"5":{"name":"(anonymous_5)","decl":{"start":{"line":31,"column":4},"end":{"line":31,"column":6}},"loc":{"start":{"line":31,"column":16},"end":{"line":33,"column":5}}},"6":{"name":"(anonymous_6)","decl":{"start":{"line":34,"column":4},"end":{"line":34,"column":10}},"loc":{"start":{"line":34,"column":20},"end":{"line":41,"column":5}}},"7":{"name":"(anonymous_7)","decl":{"start":{"line":42,"column":4},"end":{"line":42,"column":9}},"loc":{"start":{"line":42,"column":9},"end":{"line":44,"column":5}}},"8":{"name":"createSerie","decl":{"start":{"line":53,"column":16},"end":{"line":53,"column":27}},"loc":{"start":{"line":53,"column":67},"end":{"line":63,"column":1}}},"9":{"name":"createEmptySerie","decl":{"start":{"line":78,"column":16},"end":{"line":78,"column":32}},"loc":{"start":{"line":80,"column":71},"end":{"line":95,"column":1}}}},"branchMap":{"0":{"loc":{"start":{"line":17,"column":8},"end":{"line":17,"column":null}},"type":"if","locations":[{"start":{"line":17,"column":8},"end":{"line":17,"column":null}},{"start":{"line":17,"column":8},"end":{"line":17,"column":null}}]},"1":{"loc":{"start":{"line":36,"column":8},"end":{"line":36,"column":null}},"type":"if","locations":[{"start":{"line":36,"column":8},"end":{"line":36,"column":null}},{"start":{"line":36,"column":8},"end":{"line":36,"column":null}}]},"2":{"loc":{"start":{"line":53,"column":66},"end":{"line":53,"column":67}},"type":"default-arg","locations":[{"start":{"line":53,"column":66},"end":{"line":53,"column":67}}]},"3":{"loc":{"start":{"line":54,"column":4},"end":{"line":54,"column":null}},"type":"if","locations":[{"start":{"line":54,"column":4},"end":{"line":54,"column":null}},{"start":{"line":54,"column":4},"end":{"line":54,"column":null}}]},"4":{"loc":{"start":{"line":55,"column":4},"end":{"line":55,"column":null}},"type":"if","locations":[{"start":{"line":55,"column":4},"end":{"line":55,"column":null}},{"start":{"line":55,"column":4},"end":{"line":55,"column":null}}]},"5":{"loc":{"start":{"line":57,"column":4},"end":{"line":59,"column":null}},"type":"if","locations":[{"start":{"line":57,"column":4},"end":{"line":59,"column":null}},{"start":{"line":57,"column":4},"end":{"line":59,"column":null}}]},"6":{"loc":{"start":{"line":79,"column":31},"end":{"line":79,"column":32}},"type":"default-arg","locations":[{"start":{"line":79,"column":31},"end":{"line":79,"column":32}}]},"7":{"loc":{"start":{"line":79,"column":41},"end":{"line":79,"column":46}},"type":"default-arg","locations":[{"start":{"line":79,"column":41},"end":{"line":79,"column":46}}]},"8":{"loc":{"start":{"line":82,"column":4},"end":{"line":82,"column":null}},"type":"if","locations":[{"start":{"line":82,"column":4},"end":{"line":82,"column":null}},{"start":{"line":82,"column":4},"end":{"line":82,"column":null}}]},"9":{"loc":{"start":{"line":83,"column":4},"end":{"line":83,"column":null}},"type":"if","locations":[{"start":{"line":83,"column":4},"end":{"line":83,"column":null}},{"start":{"line":83,"column":4},"end":{"line":83,"column":null}}]},"10":{"loc":{"start":{"line":85,"column":4},"end":{"line":87,"column":null}},"type":"if","locations":[{"start":{"line":85,"column":4},"end":{"line":87,"column":null}},{"start":{"line":85,"column":4},"end":{"line":87,"column":null}}]},"11":{"loc":{"start":{"line":85,"column":8},"end":{"line":85,"column":24}},"type":"binary-expr","locations":[{"start":{"line":85,"column":8},"end":{"line":85,"column":24}},{"start":{"line":85,"column":28},"end":{"line":85,"column":56}}]},"12":{"loc":{"start":{"line":91,"column":4},"end":{"line":93,"column":null}},"type":"if","locations":[{"start":{"line":91,"column":4},"end":{"line":93,"column":null}},{"start":{"line":91,"column":4},"end":{"line":93,"column":null}}]}},"s":{"0":48,"1":48,"2":48,"3":48,"4":0,"5":47,"6":25,"7":2,"8":1,"9":20,"10":34,"11":34,"12":20,"13":14,"14":14,"15":14,"16":14,"17":78,"18":14,"19":0,"20":3,"21":48,"22":0,"23":48,"24":0,"25":48,"26":48,"27":0,"28":3,"29":0,"30":0,"31":0,"32":0,"33":0,"34":0,"35":0,"36":0,"37":0,"38":0,"39":3},"f":{"0":48,"1":47,"2":25,"3":2,"4":1,"5":20,"6":34,"7":0,"8":48,"9":0},"b":{"0":[0,48],"1":[20,14],"2":[3],"3":[0,48],"4":[0,48],"5":[48,0],"6":[0],"7":[0],"8":[0,0],"9":[0,0],"10":[0,0],"11":[0,0],"12":[0,0]}}
,"/Users/fmaerten/projects/youwol/workspace/packages/dataframe/src/lib/algorithms/index.ts": {"path":"/Users/fmaerten/projects/youwol/workspace/packages/dataframe/src/lib/algorithms/index.ts","statementMap":{"0":{"start":{"line":1,"column":0},"end":{"line":1,"column":21}}},"fnMap":{},"branchMap":{},"s":{"0":1},"f":{},"b":{}}
,"/Users/fmaerten/projects/youwol/workspace/packages/dataframe/src/lib/algorithms/map.ts": {"path":"/Users/fmaerten/projects/youwol/workspace/packages/dataframe/src/lib/algorithms/map.ts","statementMap":{"0":{"start":{"line":1,"column":0},"end":{"line":1,"column":53}},"1":{"start":{"line":6,"column":19},"end":{"line":18,"column":1}},"2":{"start":{"line":7,"column":4},"end":{"line":7,"column":null}},"3":{"start":{"line":7,"column":23},"end":{"line":7,"column":null}},"4":{"start":{"line":9,"column":15},"end":{"line":9,"column":40}},"5":{"start":{"line":10,"column":18},"end":{"line":10,"column":25}},"6":{"start":{"line":12,"column":12},"end":{"line":12,"column":13}},"7":{"start":{"line":13,"column":4},"end":{"line":15,"column":null}},"8":{"start":{"line":13,"column":15},"end":{"line":13,"column":16}},"9":{"start":{"line":14,"column":8},"end":{"line":14,"column":null}},"10":{"start":{"line":17,"column":4},"end":{"line":17,"column":null}},"11":{"start":{"line":6,"column":13},"end":{"line":6,"column":19}}},"fnMap":{"0":{"name":"(anonymous_0)","decl":{"start":{"line":6,"column":19},"end":{"line":6,"column":20}},"loc":{"start":{"line":6,"column":58},"end":{"line":18,"column":1}}}},"branchMap":{"0":{"loc":{"start":{"line":7,"column":4},"end":{"line":7,"column":null}},"type":"if","locations":[{"start":{"line":7,"column":4},"end":{"line":7,"column":null}},{"start":{"line":7,"column":4},"end":{"line":7,"column":null}}]}},"s":{"0":1,"1":1,"2":1,"3":0,"4":1,"5":1,"6":1,"7":1,"8":1,"9":20,"10":1,"11":1},"f":{"0":1},"b":{"0":[0,1]}}
,"/Users/fmaerten/projects/youwol/workspace/packages/dataframe/src/lib/math/add.ts": {"path":"/Users/fmaerten/projects/youwol/workspace/packages/dataframe/src/lib/math/add.ts","statementMap":{"0":{"start":{"line":1,"column":0},"end":{"line":1,"column":71}},"1":{"start":{"line":24,"column":20},"end":{"line":56,"column":1}},"2":{"start":{"line":25,"column":4},"end":{"line":25,"column":null}},"3":{"start":{"line":25,"column":26},"end":{"line":25,"column":null}},"4":{"start":{"line":26,"column":4},"end":{"line":26,"column":null}},"5":{"start":{"line":26,"column":26},"end":{"line":26,"column":null}},"6":{"start":{"line":28,"column":15},"end":{"line":28,"column":43}},"7":{"start":{"line":29,"column":17},"end":{"line":29,"column":26}},"8":{"start":{"line":31,"column":4},"end":{"line":39,"column":null}},"9":{"start":{"line":32,"column":8},"end":{"line":34,"column":null}},"10":{"start":{"line":33,"column":12},"end":{"line":33,"column":null}},"11":{"start":{"line":36,"column":8},"end":{"line":38,"column":null}},"12":{"start":{"line":37,"column":12},"end":{"line":37,"column":null}},"13":{"start":{"line":42,"column":4},"end":{"line":53,"column":null}},"14":{"start":{"line":43,"column":8},"end":{"line":52,"column":null}},"15":{"start":{"line":44,"column":12},"end":{"line":51,"column":null}},"16":{"start":{"line":45,"column":16},"end":{"line":47,"column":null}},"17":{"start":{"line":46,"column":20},"end":{"line":46,"column":null}},"18":{"start":{"line":48,"column":16},"end":{"line":50,"column":null}},"19":{"start":{"line":49,"column":20},"end":{"line":49,"column":null}},"20":{"start":{"line":55,"column":4},"end":{"line":55,"column":null}},"21":{"start":{"line":24,"column":14},"end":{"line":24,"column":20}}},"fnMap":{"0":{"name":"(anonymous_0)","decl":{"start":{"line":24,"column":20},"end":{"line":24,"column":21}},"loc":{"start":{"line":24,"column":121},"end":{"line":56,"column":1}}},"1":{"name":"(anonymous_1)","decl":{"start":{"line":32,"column":26},"end":{"line":32,"column":27}},"loc":{"start":{"line":32,"column":51},"end":{"line":34,"column":9}}},"2":{"name":"(anonymous_2)","decl":{"start":{"line":36,"column":26},"end":{"line":36,"column":27}},"loc":{"start":{"line":36,"column":51},"end":{"line":38,"column":9}}},"3":{"name":"(anonymous_3)","decl":{"start":{"line":43,"column":24},"end":{"line":43,"column":25}},"loc":{"start":{"line":43,"column":28},"end":{"line":52,"column":9}}},"4":{"name":"(anonymous_4)","decl":{"start":{"line":48,"column":33},"end":{"line":48,"column":34}},"loc":{"start":{"line":48,"column":58},"end":{"line":50,"column":17}}}},"branchMap":{"0":{"loc":{"start":{"line":25,"column":4},"end":{"line":25,"column":null}},"type":"if","locations":[{"start":{"line":25,"column":4},"end":{"line":25,"column":null}},{"start":{"line":25,"column":4},"end":{"line":25,"column":null}}]},"1":{"loc":{"start":{"line":26,"column":4},"end":{"line":26,"column":null}},"type":"if","locations":[{"start":{"line":26,"column":4},"end":{"line":26,"column":null}},{"start":{"line":26,"column":4},"end":{"line":26,"column":null}}]},"2":{"loc":{"start":{"line":31,"column":4},"end":{"line":39,"column":null}},"type":"if","locations":[{"start":{"line":31,"column":4},"end":{"line":39,"column":null}},{"start":{"line":31,"column":4},"end":{"line":39,"column":null}}]},"3":{"loc":{"start":{"line":42,"column":4},"end":{"line":53,"column":null}},"type":"if","locations":[{"start":{"line":42,"column":4},"end":{"line":53,"column":null}},{"start":{"line":42,"column":4},"end":{"line":53,"column":null}}]},"4":{"loc":{"start":{"line":44,"column":12},"end":{"line":51,"column":null}},"type":"if","locations":[{"start":{"line":44,"column":12},"end":{"line":51,"column":null}},{"start":{"line":44,"column":12},"end":{"line":51,"column":null}}]},"5":{"loc":{"start":{"line":45,"column":16},"end":{"line":47,"column":null}},"type":"if","locations":[{"start":{"line":45,"column":16},"end":{"line":47,"column":null}},{"start":{"line":45,"column":16},"end":{"line":47,"column":null}}]}},"s":{"0":1,"1":1,"2":5,"3":0,"4":5,"5":0,"6":5,"7":5,"8":5,"9":1,"10":20,"11":4,"12":80,"13":5,"14":5,"15":1,"16":1,"17":0,"18":1,"19":20,"20":5,"21":1},"f":{"0":5,"1":20,"2":80,"3":1,"4":20},"b":{"0":[0,5],"1":[0,5],"2":[1,4],"3":[5,0],"4":[1,0],"5":[0,1]}}
,"/Users/fmaerten/projects/youwol/workspace/packages/dataframe/src/lib/math/div.ts": {"path":"/Users/fmaerten/projects/youwol/workspace/packages/dataframe/src/lib/math/div.ts","statementMap":{"0":{"start":{"line":1,"column":0},"end":{"line":1,"column":71}},"1":{"start":{"line":11,"column":20},"end":{"line":43,"column":1}},"2":{"start":{"line":12,"column":4},"end":{"line":12,"column":null}},"3":{"start":{"line":12,"column":26},"end":{"line":12,"column":null}},"4":{"start":{"line":13,"column":4},"end":{"line":13,"column":null}},"5":{"start":{"line":13,"column":26},"end":{"line":13,"column":null}},"6":{"start":{"line":15,"column":15},"end":{"line":15,"column":43}},"7":{"start":{"line":16,"column":17},"end":{"line":16,"column":26}},"8":{"start":{"line":18,"column":4},"end":{"line":26,"column":null}},"9":{"start":{"line":19,"column":8},"end":{"line":21,"column":null}},"10":{"start":{"line":20,"column":12},"end":{"line":20,"column":null}},"11":{"start":{"line":23,"column":8},"end":{"line":25,"column":null}},"12":{"start":{"line":24,"column":12},"end":{"line":24,"column":null}},"13":{"start":{"line":29,"column":4},"end":{"line":40,"column":null}},"14":{"start":{"line":30,"column":8},"end":{"line":39,"column":null}},"15":{"start":{"line":31,"column":12},"end":{"line":38,"column":null}},"16":{"start":{"line":32,"column":16},"end":{"line":34,"column":null}},"17":{"start":{"line":33,"column":20},"end":{"line":33,"column":null}},"18":{"start":{"line":35,"column":16},"end":{"line":37,"column":null}},"19":{"start":{"line":36,"column":20},"end":{"line":36,"column":null}},"20":{"start":{"line":42,"column":4},"end":{"line":42,"column":null}},"21":{"start":{"line":11,"column":14},"end":{"line":11,"column":20}}},"fnMap":{"0":{"name":"(anonymous_0)","decl":{"start":{"line":11,"column":20},"end":{"line":11,"column":21}},"loc":{"start":{"line":11,"column":120},"end":{"line":43,"column":1}}},"1":{"name":"(anonymous_1)","decl":{"start":{"line":19,"column":26},"end":{"line":19,"column":27}},"loc":{"start":{"line":19,"column":51},"end":{"line":21,"column":9}}},"2":{"name":"(anonymous_2)","decl":{"start":{"line":23,"column":26},"end":{"line":23,"column":27}},"loc":{"start":{"line":23,"column":51},"end":{"line":25,"column":9}}},"3":{"name":"(anonymous_3)","decl":{"start":{"line":30,"column":24},"end":{"line":30,"column":25}},"loc":{"start":{"line":30,"column":28},"end":{"line":39,"column":9}}},"4":{"name":"(anonymous_4)","decl":{"start":{"line":35,"column":33},"end":{"line":35,"column":34}},"loc":{"start":{"line":35,"column":58},"end":{"line":37,"column":17}}}},"branchMap":{"0":{"loc":{"start":{"line":12,"column":4},"end":{"line":12,"column":null}},"type":"if","locations":[{"start":{"line":12,"column":4},"end":{"line":12,"column":null}},{"start":{"line":12,"column":4},"end":{"line":12,"column":null}}]},"1":{"loc":{"start":{"line":13,"column":4},"end":{"line":13,"column":null}},"type":"if","locations":[{"start":{"line":13,"column":4},"end":{"line":13,"column":null}},{"start":{"line":13,"column":4},"end":{"line":13,"column":null}}]},"2":{"loc":{"start":{"line":18,"column":4},"end":{"line":26,"column":null}},"type":"if","locations":[{"start":{"line":18,"column":4},"end":{"line":26,"column":null}},{"start":{"line":18,"column":4},"end":{"line":26,"column":null}}]},"3":{"loc":{"start":{"line":29,"column":4},"end":{"line":40,"column":null}},"type":"if","locations":[{"start":{"line":29,"column":4},"end":{"line":40,"column":null}},{"start":{"line":29,"column":4},"end":{"line":40,"column":null}}]},"4":{"loc":{"start":{"line":31,"column":12},"end":{"line":38,"column":null}},"type":"if","locations":[{"start":{"line":31,"column":12},"end":{"line":38,"column":null}},{"start":{"line":31,"column":12},"end":{"line":38,"column":null}}]},"5":{"loc":{"start":{"line":32,"column":16},"end":{"line":34,"column":null}},"type":"if","locations":[{"start":{"line":32,"column":16},"end":{"line":34,"column":null}},{"start":{"line":32,"column":16},"end":{"line":34,"column":null}}]}},"s":{"0":1,"1":1,"2":3,"3":0,"4":3,"5":0,"6":3,"7":3,"8":3,"9":1,"10":20,"11":2,"12":40,"13":3,"14":3,"15":1,"16":1,"17":0,"18":1,"19":20,"20":3,"21":1},"f":{"0":3,"1":20,"2":40,"3":1,"4":20},"b":{"0":[0,3],"1":[0,3],"2":[1,2],"3":[3,0],"4":[1,0],"5":[0,1]}}
,"/Users/fmaerten/projects/youwol/workspace/packages/dataframe/src/lib/math/eigen.ts": {"path":"/Users/fmaerten/projects/youwol/workspace/packages/dataframe/src/lib/math/eigen.ts","statementMap":{"0":{"start":{"line":8,"column":27},"end":{"line":25,"column":1}},"1":{"start":{"line":9,"column":4},"end":{"line":9,"column":null}},"2":{"start":{"line":9,"column":26},"end":{"line":9,"column":null}},"3":{"start":{"line":10,"column":4},"end":{"line":10,"column":null}},"4":{"start":{"line":10,"column":44},"end":{"line":10,"column":null}},"5":{"start":{"line":12,"column":18},"end":{"line":12,"column":25}},"6":{"start":{"line":13,"column":14},"end":{"line":13,"column":49}},"7":{"start":{"line":15,"column":12},"end":{"line":15,"column":13}},"8":{"start":{"line":16,"column":4},"end":{"line":22,"column":null}},"9":{"start":{"line":16,"column":15},"end":{"line":16,"column":16}},"10":{"start":{"line":17,"column":16},"end":{"line":17,"column":39}},"11":{"start":{"line":18,"column":18},"end":{"line":18,"column":26}},"12":{"start":{"line":19,"column":8},"end":{"line":19,"column":null}},"13":{"start":{"line":20,"column":8},"end":{"line":20,"column":null}},"14":{"start":{"line":21,"column":8},"end":{"line":21,"column":null}},"15":{"start":{"line":24,"column":4},"end":{"line":24,"column":null}},"16":{"start":{"line":8,"column":13},"end":{"line":8,"column":27}},"17":{"start":{"line":36,"column":14},"end":{"line":214,"column":1}},"18":{"start":{"line":37,"column":16},"end":{"line":37,"column":23}},"19":{"start":{"line":38,"column":21},"end":{"line":38,"column":24}},"20":{"start":{"line":39,"column":17},"end":{"line":39,"column":38}},"21":{"start":{"line":40,"column":17},"end":{"line":40,"column":38}},"22":{"start":{"line":42,"column":35},"end":{"line":42,"column":37}},"23":{"start":{"line":43,"column":35},"end":{"line":43,"column":37}},"24":{"start":{"line":44,"column":14},"end":{"line":44,"column":15}},"25":{"start":{"line":45,"column":29},"end":{"line":45,"column":31}},"26":{"start":{"line":46,"column":29},"end":{"line":46,"column":31}},"27":{"start":{"line":47,"column":33},"end":{"line":47,"column":35}},"28":{"start":{"line":49,"column":18},"end":{"line":49,"column":19}},"29":{"start":{"line":57,"column":4},"end":{"line":74,"column":null}},"30":{"start":{"line":58,"column":8},"end":{"line":58,"column":null}},"31":{"start":{"line":59,"column":8},"end":{"line":59,"column":null}},"32":{"start":{"line":60,"column":8},"end":{"line":60,"column":null}},"33":{"start":{"line":61,"column":8},"end":{"line":61,"column":null}},"34":{"start":{"line":62,"column":8},"end":{"line":62,"column":null}},"35":{"start":{"line":63,"column":8},"end":{"line":63,"column":null}},"36":{"start":{"line":64,"column":11},"end":{"line":74,"column":null}},"37":{"start":{"line":65,"column":8},"end":{"line":65,"column":null}},"38":{"start":{"line":66,"column":8},"end":{"line":66,"column":null}},"39":{"start":{"line":67,"column":8},"end":{"line":67,"column":null}},"40":{"start":{"line":68,"column":8},"end":{"line":68,"column":null}},"41":{"start":{"line":69,"column":8},"end":{"line":69,"column":null}},"42":{"start":{"line":70,"column":8},"end":{"line":70,"column":null}},"43":{"start":{"line":72,"column":8},"end":{"line":73,"column":null}},"44":{"start":{"line":76,"column":15},"end":{"line":76,"column":32}},"45":{"start":{"line":77,"column":13},"end":{"line":77,"column":14}},"46":{"start":{"line":78,"column":4},"end":{"line":86,"column":null}},"47":{"start":{"line":78,"column":17},"end":{"line":78,"column":18}},"48":{"start":{"line":79,"column":8},"end":{"line":85,"column":null}},"49":{"start":{"line":79,"column":21},"end":{"line":79,"column":22}},"50":{"start":{"line":80,"column":12},"end":{"line":84,"column":null}},"51":{"start":{"line":81,"column":16},"end":{"line":81,"column":null}},"52":{"start":{"line":83,"column":16},"end":{"line":83,"column":null}},"53":{"start":{"line":88,"column":4},"end":{"line":88,"column":null}},"54":{"start":{"line":89,"column":17},"end":{"line":89,"column":20}},"55":{"start":{"line":90,"column":4},"end":{"line":98,"column":null}},"56":{"start":{"line":90,"column":17},"end":{"line":90,"column":18}},"57":{"start":{"line":91,"column":8},"end":{"line":97,"column":null}},"58":{"start":{"line":91,"column":21},"end":{"line":91,"column":22}},"59":{"start":{"line":92,"column":12},"end":{"line":95,"column":null}},"60":{"start":{"line":93,"column":16},"end":{"line":93,"column":null}},"61":{"start":{"line":94,"column":16},"end":{"line":94,"column":null}},"62":{"start":{"line":96,"column":12},"end":{"line":96,"column":null}},"63":{"start":{"line":100,"column":4},"end":{"line":176,"column":null}},"64":{"start":{"line":101,"column":26},"end":{"line":101,"column":38}},"65":{"start":{"line":102,"column":18},"end":{"line":102,"column":24}},"66":{"start":{"line":104,"column":8},"end":{"line":175,"column":null}},"67":{"start":{"line":105,"column":12},"end":{"line":105,"column":null}},"68":{"start":{"line":106,"column":12},"end":{"line":106,"column":null}},"69":{"start":{"line":107,"column":12},"end":{"line":174,"column":null}},"70":{"start":{"line":107,"column":25},"end":{"line":107,"column":26}},"71":{"start":{"line":108,"column":16},"end":{"line":173,"column":null}},"72":{"start":{"line":108,"column":29},"end":{"line":108,"column":34}},"73":{"start":{"line":109,"column":29},"end":{"line":109,"column":44}},"74":{"start":{"line":110,"column":29},"end":{"line":110,"column":44}},"75":{"start":{"line":111,"column":29},"end":{"line":111,"column":35}},"76":{"start":{"line":112,"column":31},"end":{"line":112,"column":40}},"77":{"start":{"line":113,"column":33},"end":{"line":113,"column":44}},"78":{"start":{"line":115,"column":20},"end":{"line":117,"column":null}},"79":{"start":{"line":116,"column":24},"end":{"line":116,"column":32}},"80":{"start":{"line":119,"column":29},"end":{"line":119,"column":35}},"81":{"start":{"line":120,"column":29},"end":{"line":120,"column":35}},"82":{"start":{"line":121,"column":31},"end":{"line":121,"column":40}},"83":{"start":{"line":122,"column":31},"end":{"line":122,"column":40}},"84":{"start":{"line":123,"column":32},"end":{"line":123,"column":43}},"85":{"start":{"line":125,"column":20},"end":{"line":133,"column":null}},"86":{"start":{"line":126,"column":24},"end":{"line":126,"column":null}},"87":{"start":{"line":127,"column":24},"end":{"line":127,"column":null}},"88":{"start":{"line":128,"column":24},"end":{"line":128,"column":null}},"89":{"start":{"line":130,"column":24},"end":{"line":130,"column":null}},"90":{"start":{"line":131,"column":24},"end":{"line":131,"column":null}},"91":{"start":{"line":132,"column":24},"end":{"line":132,"column":null}},"92":{"start":{"line":135,"column":33},"end":{"line":135,"column":44}},"93":{"start":{"line":136,"column":33},"end":{"line":136,"column":44}},"94":{"start":{"line":137,"column":33},"end":{"line":137,"column":44}},"95":{"start":{"line":138,"column":30},"end":{"line":138,"column":41}},"96":{"start":{"line":139,"column":30},"end":{"line":139,"column":41}},"97":{"start":{"line":141,"column":20},"end":{"line":165,"column":null}},"98":{"start":{"line":141,"column":33},"end":{"line":141,"column":34}},"99":{"start":{"line":142,"column":24},"end":{"line":158,"column":null}},"100":{"start":{"line":143,"column":28},"end":{"line":143,"column":null}},"101":{"start":{"line":144,"column":28},"end":{"line":148,"column":null}},"102":{"start":{"line":145,"column":32},"end":{"line":145,"column":null}},"103":{"start":{"line":147,"column":32},"end":{"line":147,"column":null}},"104":{"start":{"line":149,"column":28},"end":{"line":149,"column":null}},"105":{"start":{"line":150,"column":28},"end":{"line":154,"column":null}},"106":{"start":{"line":151,"column":32},"end":{"line":151,"column":null}},"107":{"start":{"line":153,"column":32},"end":{"line":153,"column":null}},"108":{"start":{"line":155,"column":28},"end":{"line":155,"column":null}},"109":{"start":{"line":156,"column":28},"end":{"line":156,"column":null}},"110":{"start":{"line":157,"column":28},"end":{"line":157,"column":null}},"111":{"start":{"line":159,"column":24},"end":{"line":159,"column":null}},"112":{"start":{"line":160,"column":24},"end":{"line":160,"column":null}},"113":{"start":{"line":161,"column":24},"end":{"line":161,"column":null}},"114":{"start":{"line":162,"column":24},"end":{"line":162,"column":null}},"115":{"start":{"line":163,"column":24},"end":{"line":163,"column":null}},"116":{"start":{"line":164,"column":24},"end":{"line":164,"column":null}},"117":{"start":{"line":167,"column":20},"end":{"line":167,"column":null}},"118":{"start":{"line":168,"column":20},"end":{"line":168,"column":null}},"119":{"start":{"line":169,"column":20},"end":{"line":169,"column":null}},"120":{"start":{"line":170,"column":20},"end":{"line":170,"column":null}},"121":{"start":{"line":171,"column":20},"end":{"line":171,"column":null}},"122":{"start":{"line":172,"column":20},"end":{"line":172,"column":null}},"123":{"start":{"line":178,"column":4},"end":{"line":182,"column":null}},"124":{"start":{"line":178,"column":17},"end":{"line":178,"column":18}},"125":{"start":{"line":179,"column":8},"end":{"line":179,"column":null}},"126":{"start":{"line":180,"column":8},"end":{"line":180,"column":null}},"127":{"start":{"line":181,"column":8},"end":{"line":181,"column":null}},"128":{"start":{"line":184,"column":4},"end":{"line":198,"column":null}},"129":{"start":{"line":184,"column":17},"end":{"line":184,"column":18}},"130":{"start":{"line":185,"column":8},"end":{"line":185,"column":null}},"131":{"start":{"line":186,"column":8},"end":{"line":186,"column":null}},"132":{"start":{"line":187,"column":8},"end":{"line":192,"column":null}},"133":{"start":{"line":187,"column":21},"end":{"line":187,"column":26}},"134":{"start":{"line":188,"column":12},"end":{"line":191,"column":null}},"135":{"start":{"line":189,"column":16},"end":{"line":189,"column":null}},"136":{"start":{"line":190,"column":16},"end":{"line":190,"column":null}},"137":{"start":{"line":193,"column":8},"end":{"line":193,"column":null}},"138":{"start":{"line":194,"column":8},"end":{"line":194,"column":null}},"139":{"start":{"line":195,"column":8},"end":{"line":195,"column":null}},"140":{"start":{"line":196,"column":8},"end":{"line":196,"column":null}},"141":{"start":{"line":197,"column":8},"end":{"line":197,"column":null}},"142":{"start":{"line":200,"column":4},"end":{"line":200,"column":null}},"143":{"start":{"line":201,"column":4},"end":{"line":206,"column":null}},"144":{"start":{"line":201,"column":17},"end":{"line":201,"column":18}},"145":{"start":{"line":202,"column":8},"end":{"line":202,"column":null}},"146":{"start":{"line":203,"column":8},"end":{"line":205,"column":null}},"147":{"start":{"line":203,"column":21},"end":{"line":203,"column":22}},"148":{"start":{"line":204,"column":12},"end":{"line":204,"column":null}},"149":{"start":{"line":208,"column":4},"end":{"line":213,"column":null}}},"fnMap":{"0":{"name":"(anonymous_0)","decl":{"start":{"line":8,"column":27},"end":{"line":8,"column":28}},"loc":{"start":{"line":8,"column":48},"end":{"line":25,"column":1}}},"1":{"name":"(anonymous_1)","decl":{"start":{"line":36,"column":14},"end":{"line":36,"column":15}},"loc":{"start":{"line":36,"column":47},"end":{"line":214,"column":1}}}},"branchMap":{"0":{"loc":{"start":{"line":9,"column":4},"end":{"line":9,"column":null}},"type":"if","locations":[{"start":{"line":9,"column":4},"end":{"line":9,"column":null}},{"start":{"line":9,"column":4},"end":{"line":9,"column":null}}]},"1":{"loc":{"start":{"line":10,"column":4},"end":{"line":10,"column":null}},"type":"if","locations":[{"start":{"line":10,"column":4},"end":{"line":10,"column":null}},{"start":{"line":10,"column":4},"end":{"line":10,"column":null}}]},"2":{"loc":{"start":{"line":10,"column":8},"end":{"line":10,"column":24}},"type":"binary-expr","locations":[{"start":{"line":10,"column":8},"end":{"line":10,"column":24}},{"start":{"line":10,"column":28},"end":{"line":10,"column":42}}]},"3":{"loc":{"start":{"line":57,"column":4},"end":{"line":74,"column":null}},"type":"if","locations":[{"start":{"line":57,"column":4},"end":{"line":74,"column":null}},{"start":{"line":57,"column":4},"end":{"line":74,"column":null}}]},"4":{"loc":{"start":{"line":64,"column":11},"end":{"line":74,"column":null}},"type":"if","locations":[{"start":{"line":64,"column":11},"end":{"line":74,"column":null}},{"start":{"line":64,"column":11},"end":{"line":74,"column":null}}]},"5":{"loc":{"start":{"line":80,"column":12},"end":{"line":84,"column":null}},"type":"if","locations":[{"start":{"line":80,"column":12},"end":{"line":84,"column":null}},{"start":{"line":80,"column":12},"end":{"line":84,"column":null}}]},"6":{"loc":{"start":{"line":92,"column":12},"end":{"line":95,"column":null}},"type":"if","locations":[{"start":{"line":92,"column":12},"end":{"line":95,"column":null}},{"start":{"line":92,"column":12},"end":{"line":95,"column":null}}]},"7":{"loc":{"start":{"line":100,"column":4},"end":{"line":176,"column":null}},"type":"if","locations":[{"start":{"line":100,"column":4},"end":{"line":176,"column":null}},{"start":{"line":100,"column":4},"end":{"line":176,"column":null}}]},"8":{"loc":{"start":{"line":104,"column":15},"end":{"line":104,"column":30}},"type":"binary-expr","locations":[{"start":{"line":104,"column":15},"end":{"line":104,"column":30}},{"start":{"line":104,"column":34},"end":{"line":104,"column":52}}]},"9":{"loc":{"start":{"line":115,"column":20},"end":{"line":117,"column":null}},"type":"if","locations":[{"start":{"line":115,"column":20},"end":{"line":117,"column":null}},{"start":{"line":115,"column":20},"end":{"line":117,"column":null}}]},"10":{"loc":{"start":{"line":125,"column":20},"end":{"line":133,"column":null}},"type":"if","locations":[{"start":{"line":125,"column":20},"end":{"line":133,"column":null}},{"start":{"line":125,"column":20},"end":{"line":133,"column":null}}]},"11":{"loc":{"start":{"line":142,"column":24},"end":{"line":158,"column":null}},"type":"if","locations":[{"start":{"line":142,"column":24},"end":{"line":158,"column":null}},{"start":{"line":142,"column":24},"end":{"line":158,"column":null}}]},"12":{"loc":{"start":{"line":142,"column":28},"end":{"line":142,"column":35}},"type":"binary-expr","locations":[{"start":{"line":142,"column":28},"end":{"line":142,"column":35}},{"start":{"line":142,"column":39},"end":{"line":142,"column":46}}]},"13":{"loc":{"start":{"line":144,"column":28},"end":{"line":148,"column":null}},"type":"if","locations":[{"start":{"line":144,"column":28},"end":{"line":148,"column":null}},{"start":{"line":144,"column":28},"end":{"line":148,"column":null}}]},"14":{"loc":{"start":{"line":150,"column":28},"end":{"line":154,"column":null}},"type":"if","locations":[{"start":{"line":150,"column":28},"end":{"line":154,"column":null}},{"start":{"line":150,"column":28},"end":{"line":154,"column":null}}]},"15":{"loc":{"start":{"line":188,"column":12},"end":{"line":191,"column":null}},"type":"if","locations":[{"start":{"line":188,"column":12},"end":{"line":191,"column":null}},{"start":{"line":188,"column":12},"end":{"line":191,"column":null}}]}},"s":{"0":1,"1":2,"2":0,"3":2,"4":0,"5":2,"6":2,"7":2,"8":2,"9":2,"10":4,"11":4,"12":4,"13":4,"14":4,"15":2,"16":1,"17":1,"18":4,"19":4,"20":4,"21":4,"22":4,"23":4,"24":4,"25":4,"26":4,"27":4,"28":4,"29":4,"30":2,"31":2,"32":2,"33":2,"34":2,"35":2,"36":2,"37":2,"38":2,"39":2,"40":2,"41":2,"42":2,"43":0,"44":4,"45":4,"46":4,"47":4,"48":12,"49":12,"50":36,"51":12,"52":24,"53":4,"54":4,"55":4,"56":4,"57":12,"58":12,"59":24,"60":12,"61":12,"62":24,"63":4,"64":4,"65":4,"66":4,"67":4,"68":4,"69":4,"70":4,"71":8,"72":8,"73":12,"74":12,"75":12,"76":12,"77":12,"78":12,"79":4,"80":8,"81":8,"82":8,"83":8,"84":8,"85":8,"86":4,"87":4,"88":4,"89":4,"90":4,"91":4,"92":8,"93":8,"94":8,"95":8,"96":8,"97":8,"98":8,"99":24,"100":8,"101":8,"102":4,"103":4,"104":8,"105":8,"106":4,"107":4,"108":8,"109":8,"110":8,"111":24,"112":24,"113":24,"114":24,"115":24,"116":24,"117":8,"118":8,"119":8,"120":8,"121":8,"122":8,"123":4,"124":4,"125":12,"126":12,"127":12,"128":4,"129":4,"130":8,"131":8,"132":8,"133":8,"134":12,"135":4,"136":4,"137":8,"138":8,"139":8,"140":8,"141":8,"142":4,"143":4,"144":4,"145":12,"146":12,"147":12,"148":36,"149":4},"f":{"0":2,"1":4},"b":{"0":[0,2],"1":[0,2],"2":[2,1],"3":[2,2],"4":[2,0],"5":[12,24],"6":[12,12],"7":[4,0],"8":[8,4],"9":[4,8],"10":[4,4],"11":[8,16],"12":[24,16],"13":[4,4],"14":[4,4],"15":[4,8]}}
,"/Users/fmaerten/projects/youwol/workspace/packages/dataframe/src/lib/math/index.ts": {"path":"/Users/fmaerten/projects/youwol/workspace/packages/dataframe/src/lib/math/index.ts","statementMap":{"0":{"start":{"line":1,"column":0},"end":{"line":1,"column":23}},"1":{"start":{"line":2,"column":0},"end":{"line":2,"column":21}},"2":{"start":{"line":3,"column":0},"end":{"line":3,"column":21}},"3":{"start":{"line":4,"column":0},"end":{"line":4,"column":22}},"4":{"start":{"line":5,"column":0},"end":{"line":5,"column":21}},"5":{"start":{"line":6,"column":0},"end":{"line":6,"column":22}},"6":{"start":{"line":7,"column":0},"end":{"line":7,"column":23}},"7":{"start":{"line":8,"column":0},"end":{"line":8,"column":22}}},"fnMap":{},"branchMap":{},"s":{"0":1,"1":1,"2":1,"3":1,"4":1,"5":1,"6":1,"7":1},"f":{},"b":{}}
,"/Users/fmaerten/projects/youwol/workspace/packages/dataframe/src/lib/math/mean.ts": {"path":"/Users/fmaerten/projects/youwol/workspace/packages/dataframe/src/lib/math/mean.ts","statementMap":{"0":{"start":{"line":1,"column":0},"end":{"line":1,"column":53}},"1":{"start":{"line":6,"column":20},"end":{"line":21,"column":1}},"2":{"start":{"line":7,"column":4},"end":{"line":7,"column":null}},"3":{"start":{"line":7,"column":23},"end":{"line":7,"column":null}},"4":{"start":{"line":9,"column":15},"end":{"line":9,"column":40}},"5":{"start":{"line":11,"column":4},"end":{"line":13,"column":null}},"6":{"start":{"line":12,"column":8},"end":{"line":12,"column":null}},"7":{"start":{"line":15,"column":4},"end":{"line":18,"column":null}},"8":{"start":{"line":15,"column":15},"end":{"line":15,"column":16}},"9":{"start":{"line":16,"column":16},"end":{"line":16,"column":39}},"10":{"start":{"line":17,"column":8},"end":{"line":17,"column":null}},"11":{"start":{"line":17,"column":36},"end":{"line":17,"column":54}},"12":{"start":{"line":20,"column":4},"end":{"line":20,"column":null}},"13":{"start":{"line":6,"column":13},"end":{"line":6,"column":20}}},"fnMap":{"0":{"name":"(anonymous_0)","decl":{"start":{"line":6,"column":20},"end":{"line":6,"column":21}},"loc":{"start":{"line":6,"column":41},"end":{"line":21,"column":1}}},"1":{"name":"(anonymous_1)","decl":{"start":{"line":17,"column":25},"end":{"line":17,"column":26}},"loc":{"start":{"line":17,"column":36},"end":{"line":17,"column":54}}}},"branchMap":{"0":{"loc":{"start":{"line":7,"column":4},"end":{"line":7,"column":null}},"type":"if","locations":[{"start":{"line":7,"column":4},"end":{"line":7,"column":null}},{"start":{"line":7,"column":4},"end":{"line":7,"column":null}}]},"1":{"loc":{"start":{"line":11,"column":4},"end":{"line":13,"column":null}},"type":"if","locations":[{"start":{"line":11,"column":4},"end":{"line":13,"column":null}},{"start":{"line":11,"column":4},"end":{"line":13,"column":null}}]}},"s":{"0":1,"1":1,"2":1,"3":0,"4":1,"5":1,"6":0,"7":1,"8":1,"9":3,"10":3,"11":9,"12":1,"13":1},"f":{"0":1,"1":9},"b":{"0":[0,1],"1":[0,1]}}
,"/Users/fmaerten/projects/youwol/workspace/packages/dataframe/src/lib/math/mult.ts": {"path":"/Users/fmaerten/projects/youwol/workspace/packages/dataframe/src/lib/math/mult.ts","statementMap":{"0":{"start":{"line":1,"column":0},"end":{"line":1,"column":71}},"1":{"start":{"line":19,"column":21},"end":{"line":51,"column":1}},"2":{"start":{"line":20,"column":4},"end":{"line":20,"column":null}},"3":{"start":{"line":20,"column":26},"end":{"line":20,"column":null}},"4":{"start":{"line":21,"column":4},"end":{"line":21,"column":null}},"5":{"start":{"line":21,"column":26},"end":{"line":21,"column":null}},"6":{"start":{"line":23,"column":15},"end":{"line":23,"column":43}},"7":{"start":{"line":24,"column":17},"end":{"line":24,"column":26}},"8":{"start":{"line":26,"column":4},"end":{"line":34,"column":null}},"9":{"start":{"line":27,"column":8},"end":{"line":29,"column":null}},"10":{"start":{"line":28,"column":12},"end":{"line":28,"column":null}},"11":{"start":{"line":31,"column":8},"end":{"line":33,"column":null}},"12":{"start":{"line":32,"column":12},"end":{"line":32,"column":null}},"13":{"start":{"line":37,"column":4},"end":{"line":48,"column":null}},"14":{"start":{"line":38,"column":8},"end":{"line":47,"column":null}},"15":{"start":{"line":39,"column":12},"end":{"line":46,"column":null}},"16":{"start":{"line":40,"column":16},"end":{"line":42,"column":null}},"17":{"start":{"line":41,"column":20},"end":{"line":41,"column":null}},"18":{"start":{"line":43,"column":16},"end":{"line":45,"column":null}},"19":{"start":{"line":44,"column":20},"end":{"line":44,"column":null}},"20":{"start":{"line":50,"column":4},"end":{"line":50,"column":null}},"21":{"start":{"line":19,"column":14},"end":{"line":19,"column":21}}},"fnMap":{"0":{"name":"(anonymous_0)","decl":{"start":{"line":19,"column":21},"end":{"line":19,"column":22}},"loc":{"start":{"line":19,"column":121},"end":{"line":51,"column":1}}},"1":{"name":"(anonymous_1)","decl":{"start":{"line":27,"column":26},"end":{"line":27,"column":27}},"loc":{"start":{"line":27,"column":51},"end":{"line":29,"column":9}}},"2":{"name":"(anonymous_2)","decl":{"start":{"line":31,"column":26},"end":{"line":31,"column":27}},"loc":{"start":{"line":31,"column":51},"end":{"line":33,"column":9}}},"3":{"name":"(anonymous_3)","decl":{"start":{"line":38,"column":24},"end":{"line":38,"column":25}},"loc":{"start":{"line":38,"column":28},"end":{"line":47,"column":9}}},"4":{"name":"(anonymous_4)","decl":{"start":{"line":43,"column":33},"end":{"line":43,"column":34}},"loc":{"start":{"line":43,"column":58},"end":{"line":45,"column":17}}}},"branchMap":{"0":{"loc":{"start":{"line":20,"column":4},"end":{"line":20,"column":null}},"type":"if","locations":[{"start":{"line":20,"column":4},"end":{"line":20,"column":null}},{"start":{"line":20,"column":4},"end":{"line":20,"column":null}}]},"1":{"loc":{"start":{"line":21,"column":4},"end":{"line":21,"column":null}},"type":"if","locations":[{"start":{"line":21,"column":4},"end":{"line":21,"column":null}},{"start":{"line":21,"column":4},"end":{"line":21,"column":null}}]},"2":{"loc":{"start":{"line":26,"column":4},"end":{"line":34,"column":null}},"type":"if","locations":[{"start":{"line":26,"column":4},"end":{"line":34,"column":null}},{"start":{"line":26,"column":4},"end":{"line":34,"column":null}}]},"3":{"loc":{"start":{"line":37,"column":4},"end":{"line":48,"column":null}},"type":"if","locations":[{"start":{"line":37,"column":4},"end":{"line":48,"column":null}},{"start":{"line":37,"column":4},"end":{"line":48,"column":null}}]},"4":{"loc":{"start":{"line":39,"column":12},"end":{"line":46,"column":null}},"type":"if","locations":[{"start":{"line":39,"column":12},"end":{"line":46,"column":null}},{"start":{"line":39,"column":12},"end":{"line":46,"column":null}}]},"5":{"loc":{"start":{"line":40,"column":16},"end":{"line":42,"column":null}},"type":"if","locations":[{"start":{"line":40,"column":16},"end":{"line":42,"column":null}},{"start":{"line":40,"column":16},"end":{"line":42,"column":null}}]}},"s":{"0":1,"1":1,"2":10,"3":0,"4":10,"5":0,"6":10,"7":10,"8":10,"9":8,"10":160,"11":2,"12":40,"13":10,"14":10,"15":1,"16":1,"17":0,"18":1,"19":20,"20":10,"21":1},"f":{"0":10,"1":160,"2":40,"3":1,"4":20},"b":{"0":[0,10],"1":[0,10],"2":[8,2],"3":[10,0],"4":[1,0],"5":[0,1]}}
,"/Users/fmaerten/projects/youwol/workspace/packages/dataframe/src/lib/math/norm.ts": {"path":"/Users/fmaerten/projects/youwol/workspace/packages/dataframe/src/lib/math/norm.ts","statementMap":{"0":{"start":{"line":1,"column":0},"end":{"line":1,"column":53}},"1":{"start":{"line":6,"column":20},"end":{"line":21,"column":1}},"2":{"start":{"line":7,"column":4},"end":{"line":7,"column":null}},"3":{"start":{"line":7,"column":23},"end":{"line":7,"column":null}},"4":{"start":{"line":9,"column":15},"end":{"line":9,"column":40}},"5":{"start":{"line":11,"column":4},"end":{"line":13,"column":null}},"6":{"start":{"line":12,"column":8},"end":{"line":12,"column":null}},"7":{"start":{"line":15,"column":4},"end":{"line":18,"column":null}},"8":{"start":{"line":15,"column":15},"end":{"line":15,"column":16}},"9":{"start":{"line":16,"column":16},"end":{"line":16,"column":39}},"10":{"start":{"line":17,"column":8},"end":{"line":17,"column":null}},"11":{"start":{"line":17,"column":47},"end":{"line":17,"column":57}},"12":{"start":{"line":20,"column":4},"end":{"line":20,"column":null}},"13":{"start":{"line":6,"column":13},"end":{"line":6,"column":20}}},"fnMap":{"0":{"name":"(anonymous_0)","decl":{"start":{"line":6,"column":20},"end":{"line":6,"column":21}},"loc":{"start":{"line":6,"column":41},"end":{"line":21,"column":1}}},"1":{"name":"(anonymous_1)","decl":{"start":{"line":17,"column":36},"end":{"line":17,"column":37}},"loc":{"start":{"line":17,"column":47},"end":{"line":17,"column":57}}}},"branchMap":{"0":{"loc":{"start":{"line":7,"column":4},"end":{"line":7,"column":null}},"type":"if","locations":[{"start":{"line":7,"column":4},"end":{"line":7,"column":null}},{"start":{"line":7,"column":4},"end":{"line":7,"column":null}}]},"1":{"loc":{"start":{"line":11,"column":4},"end":{"line":13,"column":null}},"type":"if","locations":[{"start":{"line":11,"column":4},"end":{"line":13,"column":null}},{"start":{"line":11,"column":4},"end":{"line":13,"column":null}}]}},"s":{"0":1,"1":1,"2":1,"3":0,"4":1,"5":1,"6":0,"7":1,"8":1,"9":3,"10":3,"11":9,"12":1,"13":1},"f":{"0":1,"1":9},"b":{"0":[0,1],"1":[0,1]}}
,"/Users/fmaerten/projects/youwol/workspace/packages/dataframe/src/lib/math/sub.ts": {"path":"/Users/fmaerten/projects/youwol/workspace/packages/dataframe/src/lib/math/sub.ts","statementMap":{"0":{"start":{"line":1,"column":0},"end":{"line":1,"column":71}},"1":{"start":{"line":15,"column":20},"end":{"line":47,"column":1}},"2":{"start":{"line":16,"column":4},"end":{"line":16,"column":null}},"3":{"start":{"line":16,"column":26},"end":{"line":16,"column":null}},"4":{"start":{"line":17,"column":4},"end":{"line":17,"column":null}},"5":{"start":{"line":17,"column":26},"end":{"line":17,"column":null}},"6":{"start":{"line":19,"column":15},"end":{"line":19,"column":43}},"7":{"start":{"line":20,"column":17},"end":{"line":20,"column":26}},"8":{"start":{"line":22,"column":4},"end":{"line":30,"column":null}},"9":{"start":{"line":23,"column":8},"end":{"line":25,"column":null}},"10":{"start":{"line":24,"column":12},"end":{"line":24,"column":null}},"11":{"start":{"line":27,"column":8},"end":{"line":29,"column":null}},"12":{"start":{"line":28,"column":12},"end":{"line":28,"column":null}},"13":{"start":{"line":33,"column":4},"end":{"line":44,"column":null}},"14":{"start":{"line":34,"column":8},"end":{"line":43,"column":null}},"15":{"start":{"line":35,"column":12},"end":{"line":42,"column":null}},"16":{"start":{"line":36,"column":16},"end":{"line":38,"column":null}},"17":{"start":{"line":37,"column":20},"end":{"line":37,"column":null}},"18":{"start":{"line":39,"column":16},"end":{"line":41,"column":null}},"19":{"start":{"line":40,"column":20},"end":{"line":40,"column":null}},"20":{"start":{"line":46,"column":4},"end":{"line":46,"column":null}},"21":{"start":{"line":15,"column":14},"end":{"line":15,"column":20}}},"fnMap":{"0":{"name":"(anonymous_0)","decl":{"start":{"line":15,"column":20},"end":{"line":15,"column":21}},"loc":{"start":{"line":15,"column":121},"end":{"line":47,"column":1}}},"1":{"name":"(anonymous_1)","decl":{"start":{"line":23,"column":26},"end":{"line":23,"column":27}},"loc":{"start":{"line":23,"column":51},"end":{"line":25,"column":9}}},"2":{"name":"(anonymous_2)","decl":{"start":{"line":27,"column":26},"end":{"line":27,"column":27}},"loc":{"start":{"line":27,"column":51},"end":{"line":29,"column":9}}},"3":{"name":"(anonymous_3)","decl":{"start":{"line":34,"column":24},"end":{"line":34,"column":25}},"loc":{"start":{"line":34,"column":28},"end":{"line":43,"column":9}}},"4":{"name":"(anonymous_4)","decl":{"start":{"line":39,"column":33},"end":{"line":39,"column":34}},"loc":{"start":{"line":39,"column":58},"end":{"line":41,"column":17}}}},"branchMap":{"0":{"loc":{"start":{"line":16,"column":4},"end":{"line":16,"column":null}},"type":"if","locations":[{"start":{"line":16,"column":4},"end":{"line":16,"column":null}},{"start":{"line":16,"column":4},"end":{"line":16,"column":null}}]},"1":{"loc":{"start":{"line":17,"column":4},"end":{"line":17,"column":null}},"type":"if","locations":[{"start":{"line":17,"column":4},"end":{"line":17,"column":null}},{"start":{"line":17,"column":4},"end":{"line":17,"column":null}}]},"2":{"loc":{"start":{"line":22,"column":4},"end":{"line":30,"column":null}},"type":"if","locations":[{"start":{"line":22,"column":4},"end":{"line":30,"column":null}},{"start":{"line":22,"column":4},"end":{"line":30,"column":null}}]},"3":{"loc":{"start":{"line":33,"column":4},"end":{"line":44,"column":null}},"type":"if","locations":[{"start":{"line":33,"column":4},"end":{"line":44,"column":null}},{"start":{"line":33,"column":4},"end":{"line":44,"column":null}}]},"4":{"loc":{"start":{"line":35,"column":12},"end":{"line":42,"column":null}},"type":"if","locations":[{"start":{"line":35,"column":12},"end":{"line":42,"column":null}},{"start":{"line":35,"column":12},"end":{"line":42,"column":null}}]},"5":{"loc":{"start":{"line":36,"column":16},"end":{"line":38,"column":null}},"type":"if","locations":[{"start":{"line":36,"column":16},"end":{"line":38,"column":null}},{"start":{"line":36,"column":16},"end":{"line":38,"column":null}}]}},"s":{"0":1,"1":1,"2":3,"3":0,"4":3,"5":0,"6":3,"7":3,"8":3,"9":1,"10":20,"11":2,"12":40,"13":3,"14":3,"15":1,"16":1,"17":0,"18":1,"19":20,"20":3,"21":1},"f":{"0":3,"1":20,"2":40,"3":1,"4":20},"b":{"0":[0,3],"1":[0,3],"2":[1,2],"3":[3,0],"4":[1,0],"5":[0,1]}}
,"/Users/fmaerten/projects/youwol/workspace/packages/dataframe/src/lib/math/trace.ts": {"path":"/Users/fmaerten/projects/youwol/workspace/packages/dataframe/src/lib/math/trace.ts","statementMap":{"0":{"start":{"line":13,"column":4},"end":{"line":15,"column":null}},"1":{"start":{"line":14,"column":8},"end":{"line":14,"column":null}},"2":{"start":{"line":16,"column":4},"end":{"line":18,"column":null}},"3":{"start":{"line":17,"column":8},"end":{"line":17,"column":null}},"4":{"start":{"line":17,"column":42},"end":{"line":17,"column":43}},"5":{"start":{"line":20,"column":14},"end":{"line":20,"column":39}},"6":{"start":{"line":21,"column":4},"end":{"line":29,"column":null}},"7":{"start":{"line":21,"column":15},"end":{"line":21,"column":16}},"8":{"start":{"line":22,"column":16},"end":{"line":22,"column":39}},"9":{"start":{"line":23,"column":8},"end":{"line":28,"column":null}},"10":{"start":{"line":24,"column":12},"end":{"line":24,"column":null}},"11":{"start":{"line":27,"column":12},"end":{"line":27,"column":null}},"12":{"start":{"line":30,"column":4},"end":{"line":30,"column":null}},"13":{"start":{"line":12,"column":1},"end":{"line":12,"column":17}}},"fnMap":{"0":{"name":"trace","decl":{"start":{"line":12,"column":17},"end":{"line":12,"column":22}},"loc":{"start":{"line":12,"column":49},"end":{"line":31,"column":1}}},"1":{"name":"(anonymous_1)","decl":{"start":{"line":17,"column":28},"end":{"line":17,"column":29}},"loc":{"start":{"line":17,"column":42},"end":{"line":17,"column":43}}}},"branchMap":{"0":{"loc":{"start":{"line":13,"column":4},"end":{"line":15,"column":null}},"type":"if","locations":[{"start":{"line":13,"column":4},"end":{"line":15,"column":null}},{"start":{"line":13,"column":4},"end":{"line":15,"column":null}}]},"1":{"loc":{"start":{"line":16,"column":4},"end":{"line":18,"column":null}},"type":"if","locations":[{"start":{"line":16,"column":4},"end":{"line":18,"column":null}},{"start":{"line":16,"column":4},"end":{"line":18,"column":null}}]},"2":{"loc":{"start":{"line":16,"column":8},"end":{"line":16,"column":9}},"type":"binary-expr","locations":[{"start":{"line":16,"column":8},"end":{"line":16,"column":9}},{"start":{"line":16,"column":13},"end":{"line":16,"column":27}}]},"3":{"loc":{"start":{"line":23,"column":8},"end":{"line":28,"column":null}},"type":"if","locations":[{"start":{"line":23,"column":8},"end":{"line":28,"column":null}},{"start":{"line":23,"column":8},"end":{"line":28,"column":null}}]}},"s":{"0":4,"1":1,"2":3,"3":1,"4":6,"5":2,"6":2,"7":2,"8":4,"9":4,"10":2,"11":2,"12":2,"13":1},"f":{"0":4,"1":6},"b":{"0":[1,3],"1":[1,2],"2":[3,3],"3":[2,2]}}
,"/Users/fmaerten/projects/youwol/workspace/packages/dataframe/src/lib/utils/exists.ts": {"path":"/Users/fmaerten/projects/youwol/workspace/packages/dataframe/src/lib/utils/exists.ts","statementMap":{"0":{"start":{"line":7,"column":22},"end":{"line":7,"column":81}},"1":{"start":{"line":7,"column":55},"end":{"line":7,"column":81}},"2":{"start":{"line":7,"column":13},"end":{"line":7,"column":22}}},"fnMap":{"0":{"name":"(anonymous_0)","decl":{"start":{"line":7,"column":22},"end":{"line":7,"column":23}},"loc":{"start":{"line":7,"column":55},"end":{"line":7,"column":81}}}},"branchMap":{},"s":{"0":2,"1":13,"2":2},"f":{"0":13},"b":{}}
,"/Users/fmaerten/projects/youwol/workspace/packages/dataframe/src/lib/utils/index.ts": {"path":"/Users/fmaerten/projects/youwol/workspace/packages/dataframe/src/lib/utils/index.ts","statementMap":{"0":{"start":{"line":1,"column":0},"end":{"line":1,"column":24}},"1":{"start":{"line":2,"column":0},"end":{"line":2,"column":22}}},"fnMap":{},"branchMap":{},"s":{"0":2,"1":2},"f":{},"b":{}}
,"/Users/fmaerten/projects/youwol/workspace/packages/dataframe/src/lib/utils/info.ts": {"path":"/Users/fmaerten/projects/youwol/workspace/packages/dataframe/src/lib/utils/info.ts","statementMap":{"0":{"start":{"line":2,"column":0},"end":{"line":2,"column":40}},"1":{"start":{"line":7,"column":20},"end":{"line":32,"column":1}},"2":{"start":{"line":8,"column":4},"end":{"line":19,"column":null}},"3":{"start":{"line":9,"column":18},"end":{"line":9,"column":37}},"4":{"start":{"line":10,"column":8},"end":{"line":18,"column":null}},"5":{"start":{"line":21,"column":4},"end":{"line":31,"column":null}},"6":{"start":{"line":24,"column":12},"end":{"line":29,"column":null}},"7":{"start":{"line":7,"column":13},"end":{"line":7,"column":20}}},"fnMap":{"0":{"name":"(anonymous_0)","decl":{"start":{"line":7,"column":20},"end":{"line":7,"column":21}},"loc":{"start":{"line":7,"column":54},"end":{"line":32,"column":1}}},"1":{"name":"(anonymous_1)","decl":{"start":{"line":23,"column":36},"end":{"line":23,"column":37}},"loc":{"start":{"line":23,"column":54},"end":{"line":30,"column":9}}}},"branchMap":{"0":{"loc":{"start":{"line":8,"column":4},"end":{"line":19,"column":null}},"type":"if","locations":[{"start":{"line":8,"column":4},"end":{"line":19,"column":null}},{"start":{"line":8,"column":4},"end":{"line":19,"column":null}}]}},"s":{"0":2,"1":2,"2":2,"3":1,"4":1,"5":1,"6":3,"7":2},"f":{"0":2,"1":3},"b":{"0":[1,1]}}
}
