TN:
SF:src/lib/dataframe.ts
FN:31,(anonymous_0)
FN:54,(anonymous_1)
FN:60,(anonymous_2)
FN:64,(anonymous_3)
FN:76,(anonymous_4)
FN:89,(anonymous_5)
FN:92,(anonymous_6)
FN:96,(anonymous_7)
FN:100,(anonymous_8)
FN:103,(anonymous_9)
FNF:10
FNH:7
FNDA:43,(anonymous_0)
FNDA:58,(anonymous_1)
FNDA:0,(anonymous_2)
FNDA:0,(anonymous_3)
FNDA:29,(anonymous_4)
FNDA:30,(anonymous_5)
FNDA:0,(anonymous_6)
FNDA:144,(anonymous_7)
FNDA:29,(anonymous_8)
FNDA:27,(anonymous_9)
DA:1,3
DA:6,3
DA:32,43
DA:34,0
DA:35,0
DA:37,0
DA:38,0
DA:39,0
DA:40,0
DA:43,0
DA:55,58
DA:56,58
DA:57,7
DA:61,0
DA:65,0
DA:66,0
DA:67,0
DA:77,29
DA:79,29
DA:80,29
DA:81,29
DA:82,29
DA:85,0
DA:86,0
DA:90,30
DA:93,0
DA:97,144
DA:101,29
DA:102,29
DA:103,29
DA:104,29
DA:109,43
DA:110,43
DA:111,43
LF:34
LH:20
BRDA:32,0,0,43
BRDA:32,0,1,0
BRDA:37,1,0,0
BRDA:37,1,1,0
BRDA:39,2,0,0
BRDA:39,2,1,0
BRDA:56,3,0,51
BRDA:56,3,1,7
BRDA:77,4,0,0
BRDA:77,4,1,29
BRDA:80,5,0,29
BRDA:80,5,1,0
BRF:12
BRH:5
end_of_record
TN:
SF:src/lib/index.ts
FNF:0
FNH:0
DA:1,0
DA:2,0
DA:3,0
DA:4,0
DA:5,0
LF:5
LH:0
BRF:0
BRH:0
end_of_record
TN:
SF:src/lib/serie.ts
FN:16,(anonymous_0)
FN:19,(anonymous_1)
FN:22,(anonymous_2)
FN:25,(anonymous_3)
FN:28,(anonymous_4)
FN:31,(anonymous_5)
FN:34,(anonymous_6)
FN:42,(anonymous_7)
FN:53,createSerie
FN:78,createEmptySerie
FNF:10
FNH:8
FNDA:48,(anonymous_0)
FNDA:47,(anonymous_1)
FNDA:25,(anonymous_2)
FNDA:2,(anonymous_3)
FNDA:1,(anonymous_4)
FNDA:20,(anonymous_5)
FNDA:34,(anonymous_6)
FNDA:0,(anonymous_7)
FNDA:48,createSerie
FNDA:0,createEmptySerie
DA:15,3
DA:16,48
DA:17,48
DA:20,47
DA:23,25
DA:26,2
DA:29,1
DA:32,20
DA:35,34
DA:36,34
DA:37,14
DA:38,14
DA:39,78
DA:40,14
DA:43,0
DA:53,3
DA:54,48
DA:55,48
DA:57,48
DA:58,48
DA:62,0
DA:78,3
DA:82,0
DA:83,0
DA:85,0
DA:86,0
DA:90,0
DA:91,0
DA:92,0
DA:94,0
LF:30
LH:20
BRDA:17,0,0,0
BRDA:17,0,1,48
BRDA:36,1,0,20
BRDA:36,1,1,14
BRDA:53,2,0,3
BRDA:54,3,0,0
BRDA:54,3,1,48
BRDA:55,4,0,0
BRDA:55,4,1,48
BRDA:57,5,0,48
BRDA:57,5,1,0
BRDA:79,6,0,0
BRDA:79,7,0,0
BRDA:82,8,0,0
BRDA:82,8,1,0
BRDA:83,9,0,0
BRDA:83,9,1,0
BRDA:85,10,0,0
BRDA:85,10,1,0
BRDA:85,11,0,0
BRDA:85,11,1,0
BRDA:91,12,0,0
BRDA:91,12,1,0
BRF:23
BRH:7
end_of_record
TN:
SF:src/lib/algorithms/index.ts
FNF:0
FNH:0
DA:1,1
LF:1
LH:1
BRF:0
BRH:0
end_of_record
TN:
SF:src/lib/algorithms/map.ts
FN:6,(anonymous_0)
FNF:1
FNH:1
FNDA:1,(anonymous_0)
DA:1,1
DA:6,1
DA:7,1
DA:9,1
DA:10,1
DA:12,1
DA:13,1
DA:14,20
DA:17,1
LF:9
LH:9
BRDA:7,0,0,0
BRDA:7,0,1,1
BRF:2
BRH:1
end_of_record
TN:
SF:src/lib/math/add.ts
FN:24,(anonymous_0)
FN:32,(anonymous_1)
FN:36,(anonymous_2)
FN:43,(anonymous_3)
FN:48,(anonymous_4)
FNF:5
FNH:5
FNDA:5,(anonymous_0)
FNDA:20,(anonymous_1)
FNDA:80,(anonymous_2)
FNDA:1,(anonymous_3)
FNDA:20,(anonymous_4)
DA:1,1
DA:24,1
DA:25,5
DA:26,5
DA:28,5
DA:29,5
DA:31,5
DA:32,1
DA:33,20
DA:36,4
DA:37,80
DA:42,5
DA:43,5
DA:44,1
DA:45,1
DA:46,0
DA:48,1
DA:49,20
DA:55,5
LF:19
LH:18
BRDA:25,0,0,0
BRDA:25,0,1,5
BRDA:26,1,0,0
BRDA:26,1,1,5
BRDA:31,2,0,1
BRDA:31,2,1,4
BRDA:42,3,0,5
BRDA:42,3,1,0
BRDA:44,4,0,1
BRDA:44,4,1,0
BRDA:45,5,0,0
BRDA:45,5,1,1
BRF:12
BRH:7
end_of_record
TN:
SF:src/lib/math/div.ts
FN:11,(anonymous_0)
FN:19,(anonymous_1)
FN:23,(anonymous_2)
FN:30,(anonymous_3)
FN:35,(anonymous_4)
FNF:5
FNH:5
FNDA:3,(anonymous_0)
FNDA:20,(anonymous_1)
FNDA:40,(anonymous_2)
FNDA:1,(anonymous_3)
FNDA:20,(anonymous_4)
DA:1,1
DA:11,1
DA:12,3
DA:13,3
DA:15,3
DA:16,3
DA:18,3
DA:19,1
DA:20,20
DA:23,2
DA:24,40
DA:29,3
DA:30,3
DA:31,1
DA:32,1
DA:33,0
DA:35,1
DA:36,20
DA:42,3
LF:19
LH:18
BRDA:12,0,0,0
BRDA:12,0,1,3
BRDA:13,1,0,0
BRDA:13,1,1,3
BRDA:18,2,0,1
BRDA:18,2,1,2
BRDA:29,3,0,3
BRDA:29,3,1,0
BRDA:31,4,0,1
BRDA:31,4,1,0
BRDA:32,5,0,0
BRDA:32,5,1,1
BRF:12
BRH:7
end_of_record
TN:
SF:src/lib/math/eigen.ts
FN:8,(anonymous_0)
FN:36,(anonymous_1)
FNF:2
FNH:2
FNDA:2,(anonymous_0)
FNDA:4,(anonymous_1)
DA:8,1
DA:9,2
DA:10,2
DA:12,2
DA:13,2
DA:15,2
DA:16,2
DA:17,4
DA:18,4
DA:19,4
DA:20,4
DA:21,4
DA:24,2
DA:36,1
DA:37,4
DA:38,4
DA:39,4
DA:40,4
DA:42,4
DA:43,4
DA:44,4
DA:45,4
DA:46,4
DA:47,4
DA:49,4
DA:57,4
DA:58,2
DA:59,2
DA:60,2
DA:61,2
DA:62,2
DA:63,2
DA:64,2
DA:65,2
DA:66,2
DA:67,2
DA:68,2
DA:69,2
DA:70,2
DA:72,0
DA:76,4
DA:77,4
DA:78,4
DA:79,12
DA:80,36
DA:81,12
DA:83,24
DA:88,4
DA:89,4
DA:90,4
DA:91,12
DA:92,24
DA:93,12
DA:94,12
DA:96,24
DA:100,4
DA:101,4
DA:102,4
DA:104,4
DA:105,4
DA:106,4
DA:107,4
DA:108,8
DA:109,12
DA:110,12
DA:111,12
DA:112,12
DA:113,12
DA:115,12
DA:116,4
DA:119,8
DA:120,8
DA:121,8
DA:122,8
DA:123,8
DA:125,8
DA:126,4
DA:127,4
DA:128,4
DA:130,4
DA:131,4
DA:132,4
DA:135,8
DA:136,8
DA:137,8
DA:138,8
DA:139,8
DA:141,8
DA:142,24
DA:143,8
DA:144,8
DA:145,4
DA:147,4
DA:149,8
DA:150,8
DA:151,4
DA:153,4
DA:155,8
DA:156,8
DA:157,8
DA:159,24
DA:160,24
DA:161,24
DA:162,24
DA:163,24
DA:164,24
DA:167,8
DA:168,8
DA:169,8
DA:170,8
DA:171,8
DA:172,8
DA:178,4
DA:179,12
DA:180,12
DA:181,12
DA:184,4
DA:185,8
DA:186,8
DA:187,8
DA:188,12
DA:189,4
DA:190,4
DA:193,8
DA:194,8
DA:195,8
DA:196,8
DA:197,8
DA:200,4
DA:201,4
DA:202,12
DA:203,12
DA:204,36
DA:208,4
LF:134
LH:133
BRDA:9,0,0,0
BRDA:9,0,1,2
BRDA:10,1,0,0
BRDA:10,1,1,2
BRDA:10,2,0,2
BRDA:10,2,1,1
BRDA:57,3,0,2
BRDA:57,3,1,2
BRDA:64,4,0,2
BRDA:64,4,1,0
BRDA:80,5,0,12
BRDA:80,5,1,24
BRDA:92,6,0,12
BRDA:92,6,1,12
BRDA:100,7,0,4
BRDA:100,7,1,0
BRDA:104,8,0,8
BRDA:104,8,1,4
BRDA:115,9,0,4
BRDA:115,9,1,8
BRDA:125,10,0,4
BRDA:125,10,1,4
BRDA:142,11,0,8
BRDA:142,11,1,16
BRDA:142,12,0,24
BRDA:142,12,1,16
BRDA:144,13,0,4
BRDA:144,13,1,4
BRDA:150,14,0,4
BRDA:150,14,1,4
BRDA:188,15,0,4
BRDA:188,15,1,8
BRF:32
BRH:28
end_of_record
TN:
SF:src/lib/math/index.ts
FNF:0
FNH:0
DA:1,1
DA:2,1
DA:3,1
DA:4,1
DA:5,1
DA:6,1
DA:7,1
DA:8,1
LF:8
LH:8
BRF:0
BRH:0
end_of_record
TN:
SF:src/lib/math/mean.ts
FN:6,(anonymous_0)
FN:17,(anonymous_1)
FNF:2
FNH:2
FNDA:1,(anonymous_0)
FNDA:9,(anonymous_1)
DA:1,1
DA:6,1
DA:7,1
DA:9,1
DA:11,1
DA:12,0
DA:15,1
DA:16,3
DA:17,9
DA:20,1
LF:10
LH:9
BRDA:7,0,0,0
BRDA:7,0,1,1
BRDA:11,1,0,0
BRDA:11,1,1,1
BRF:4
BRH:2
end_of_record
TN:
SF:src/lib/math/mult.ts
FN:19,(anonymous_0)
FN:27,(anonymous_1)
FN:31,(anonymous_2)
FN:38,(anonymous_3)
FN:43,(anonymous_4)
FNF:5
FNH:5
FNDA:10,(anonymous_0)
FNDA:160,(anonymous_1)
FNDA:40,(anonymous_2)
FNDA:1,(anonymous_3)
FNDA:20,(anonymous_4)
DA:1,1
DA:19,1
DA:20,10
DA:21,10
DA:23,10
DA:24,10
DA:26,10
DA:27,8
DA:28,160
DA:31,2
DA:32,40
DA:37,10
DA:38,10
DA:39,1
DA:40,1
DA:41,0
DA:43,1
DA:44,20
DA:50,10
LF:19
LH:18
BRDA:20,0,0,0
BRDA:20,0,1,10
BRDA:21,1,0,0
BRDA:21,1,1,10
BRDA:26,2,0,8
BRDA:26,2,1,2
BRDA:37,3,0,10
BRDA:37,3,1,0
BRDA:39,4,0,1
BRDA:39,4,1,0
BRDA:40,5,0,0
BRDA:40,5,1,1
BRF:12
BRH:7
end_of_record
TN:
SF:src/lib/math/norm.ts
FN:6,(anonymous_0)
FN:17,(anonymous_1)
FNF:2
FNH:2
FNDA:1,(anonymous_0)
FNDA:9,(anonymous_1)
DA:1,1
DA:6,1
DA:7,1
DA:9,1
DA:11,1
DA:12,0
DA:15,1
DA:16,3
DA:17,9
DA:20,1
LF:10
LH:9
BRDA:7,0,0,0
BRDA:7,0,1,1
BRDA:11,1,0,0
BRDA:11,1,1,1
BRF:4
BRH:2
end_of_record
TN:
SF:src/lib/math/sub.ts
FN:15,(anonymous_0)
FN:23,(anonymous_1)
FN:27,(anonymous_2)
FN:34,(anonymous_3)
FN:39,(anonymous_4)
FNF:5
FNH:5
FNDA:3,(anonymous_0)
FNDA:20,(anonymous_1)
FNDA:40,(anonymous_2)
FNDA:1,(anonymous_3)
FNDA:20,(anonymous_4)
DA:1,1
DA:15,1
DA:16,3
DA:17,3
DA:19,3
DA:20,3
DA:22,3
DA:23,1
DA:24,20
DA:27,2
DA:28,40
DA:33,3
DA:34,3
DA:35,1
DA:36,1
DA:37,0
DA:39,1
DA:40,20
DA:46,3
LF:19
LH:18
BRDA:16,0,0,0
BRDA:16,0,1,3
BRDA:17,1,0,0
BRDA:17,1,1,3
BRDA:22,2,0,1
BRDA:22,2,1,2
BRDA:33,3,0,3
BRDA:33,3,1,0
BRDA:35,4,0,1
BRDA:35,4,1,0
BRDA:36,5,0,0
BRDA:36,5,1,1
BRF:12
BRH:7
end_of_record
TN:
SF:src/lib/math/trace.ts
FN:12,trace
FN:17,(anonymous_1)
FNF:2
FNH:2
FNDA:4,trace
FNDA:6,(anonymous_1)
DA:12,1
DA:13,4
DA:14,1
DA:16,3
DA:17,6
DA:20,2
DA:21,2
DA:22,4
DA:23,4
DA:24,2
DA:27,2
DA:30,2
LF:12
LH:12
BRDA:13,0,0,1
BRDA:13,0,1,3
BRDA:16,1,0,1
BRDA:16,1,1,2
BRDA:16,2,0,3
BRDA:16,2,1,3
BRDA:23,3,0,2
BRDA:23,3,1,2
BRF:8
BRH:8
end_of_record
TN:
SF:src/lib/utils/exists.ts
FN:7,(anonymous_0)
FNF:1
FNH:1
FNDA:13,(anonymous_0)
DA:7,13
LF:1
LH:1
BRF:0
BRH:0
end_of_record
TN:
SF:src/lib/utils/index.ts
FNF:0
FNH:0
DA:1,2
DA:2,2
LF:2
LH:2
BRF:0
BRH:0
end_of_record
TN:
SF:src/lib/utils/info.ts
FN:7,(anonymous_0)
FN:23,(anonymous_1)
FNF:2
FNH:2
FNDA:2,(anonymous_0)
FNDA:3,(anonymous_1)
DA:2,2
DA:7,2
DA:8,2
DA:9,1
DA:10,1
DA:21,1
DA:24,3
LF:7
LH:7
BRDA:8,0,0,1
BRDA:8,0,1,1
BRF:2
BRH:2
end_of_record
